03/25/16 05:05:14,432 [5932] DEBUG VT - Prepared sql query parameters : [39]
03/25/16 05:05:14,478 [5932] DEBUG VT - Prepared sql query being executed : SELECT eventstatus
                  FROM vtiger_eventstatus
                      INNER JOIN vtiger_role2picklist on vtiger_role2picklist.picklistvalueid = vtiger_eventstatus.picklist_valueid
                  WHERE roleid=? and picklistid in (select picklistid from vtiger_picklist) order by sortorderid
03/25/16 05:05:14,480 [5932] DEBUG VT - Prepared sql query parameters : [H2]
03/25/16 05:05:14,583 [5932] DEBUG VT - Prepared sql query being executed : SELECT eventstatus
                  FROM vtiger_eventstatus
                      INNER JOIN vtiger_role2picklist on vtiger_role2picklist.picklistvalueid = vtiger_eventstatus.picklist_valueid
                  WHERE roleid=? and picklistid in (select picklistid from vtiger_picklist) order by sortorderid
03/25/16 05:05:14,585 [5932] DEBUG VT - Prepared sql query parameters : [H2]
03/25/16 05:05:14,602 [5932] DEBUG VT - Entering isPermitted(Calendar,EditView,32) method ...
03/25/16 05:05:14,604 [5932] DEBUG VT - Entering getActionid(EditView) method ...
03/25/16 05:05:14,606 [5932] INFO VT - get Actionid EditView
03/25/16 05:05:14,608 [5932] INFO VT - action id selected is 1
03/25/16 05:05:14,610 [5932] DEBUG VT - Exiting getActionid method ...
03/25/16 05:05:14,612 [5932] DEBUG VT - Exiting isPermitted method ...
03/25/16 05:05:14,614 [5932] DEBUG VT - Entering isPermitted(Calendar,DetailView,32) method ...
03/25/16 05:05:14,617 [5932] DEBUG VT - Entering getActionid(DetailView) method ...
03/25/16 05:05:14,619 [5932] INFO VT - get Actionid DetailView
03/25/16 05:05:14,621 [5932] INFO VT - action id selected is 4
03/25/16 05:05:14,622 [5932] DEBUG VT - Exiting getActionid method ...
03/25/16 05:05:14,624 [5932] DEBUG VT - Exiting isPermitted method ...
03/25/16 05:05:14,626 [5932] DEBUG VT - Entering getDisplayDate(2015-12-25 00:58:00) method ...
03/25/16 05:05:14,629 [5932] DEBUG VT - Exiting getDisplayDate method ...
03/25/16 05:05:14,630 [5932] DEBUG VT - Entering getDisplayTime(2015-12-25 00:58:00) method ...
03/25/16 05:05:14,632 [5932] DEBUG VT - Exiting getDisplayTime method ...
03/25/16 05:05:14,643 [5932] DEBUG VT - Entering getDisplayDate(2015-12-25 00:58:00) method ...
03/25/16 05:05:14,645 [5932] DEBUG VT - Exiting getDisplayDate method ...
03/25/16 05:05:14,647 [5932] DEBUG VT - Entering getDisplayTime(2015-12-25 00:58:00) method ...
03/25/16 05:05:14,649 [5932] DEBUG VT - Exiting getDisplayTime method ...
03/25/16 05:05:14,658 [5932] DEBUG VT - Entering getDisplayDate(2016-03-25 05:05:14) method ...
03/25/16 05:05:14,661 [5932] DEBUG VT - Exiting getDisplayDate method ...
03/25/16 05:05:14,663 [5932] DEBUG VT - Entering getDisplayDate(2016-03-26 00:00:00) method ...
03/25/16 05:05:14,665 [5932] DEBUG VT - Exiting getDisplayDate method ...
03/25/16 05:05:14,672 [5932] DEBUG VT - Prepared sql query being executed : SELECT COUNT(fieldname) FROM vtiger_field WHERE tabid=?
03/25/16 05:05:14,675 [5932] DEBUG VT - Prepared sql query parameters : [9]
03/25/16 05:05:14,678 [5932] DEBUG VT - Prepared sql query being executed : SELECT * FROM vtiger_field WHERE tabid=? OR tabid=?
03/25/16 05:05:14,680 [5932] DEBUG VT - Prepared sql query parameters : [9,16]
03/25/16 05:05:14,932 [5932] DEBUG VT - Prepared sql query being executed : SELECT * FROM vtiger_blocks WHERE blockid=?
03/25/16 05:05:14,935 [5932] DEBUG VT - Prepared sql query parameters : [19]
03/25/16 05:05:14,951 [5932] DEBUG VT - Prepared sql query being executed : SELECT taskstatus
                  FROM vtiger_taskstatus
                      INNER JOIN vtiger_role2picklist on vtiger_role2picklist.picklistvalueid = vtiger_taskstatus.picklist_valueid
                  WHERE roleid=? and picklistid in (select picklistid from vtiger_picklist) order by sortorderid
03/25/16 05:05:14,953 [5932] DEBUG VT - Prepared sql query parameters : [H2]
03/25/16 05:05:15,001 [5932] DEBUG VT - Prepared sql query being executed : SELECT taskstatus
                  FROM vtiger_taskstatus
                      INNER JOIN vtiger_role2picklist on vtiger_role2picklist.picklistvalueid = vtiger_taskstatus.picklist_valueid
                  WHERE roleid=? and picklistid in (select picklistid from vtiger_picklist) order by sortorderid
03/25/16 05:05:15,003 [5932] DEBUG VT - Prepared sql query parameters : [H2]
03/25/16 05:05:15,199 [5932] DEBUG VT - Prepared sql query being executed : SELECT leadsource
                  FROM vtiger_leadsource
                      INNER JOIN vtiger_role2picklist on vtiger_role2picklist.picklistvalueid = vtiger_leadsource.picklist_valueid
                  WHERE roleid=? and picklistid in (select picklistid from vtiger_picklist) order by sortorderid
03/25/16 05:05:15,201 [5932] DEBUG VT - Prepared sql query parameters : [H2]
03/25/16 05:05:15,261 [5932] DEBUG VT - Prepared sql query being executed : SELECT leadsource
                  FROM vtiger_leadsource
                      INNER JOIN vtiger_role2picklist on vtiger_role2picklist.picklistvalueid = vtiger_leadsource.picklist_valueid
                  WHERE roleid=? and picklistid in (select picklistid from vtiger_picklist) order by sortorderid
03/25/16 05:05:15,263 [5932] DEBUG VT - Prepared sql query parameters : [H2]
03/25/16 05:05:15,423 [5932] DEBUG VT - Prepared sql query being executed : SELECT 1 FROM vtiger_users WHERE id = ?
03/25/16 05:05:15,425 [5932] DEBUG VT - Prepared sql query parameters : [6]
03/25/16 05:05:15,429 [5932] DEBUG user - Entering Users() method ...
03/25/16 05:05:15,431 [5932] DEBUG VT - Entering getColumnFields(Users) method ...
03/25/16 05:05:15,432 [5932] DEBUG VT - in getColumnFields Users
03/25/16 05:05:15,437 [5932] DEBUG VT - Exiting getColumnFields method ...
03/25/16 05:05:15,439 [5932] DEBUG user - Exiting Users() method ...
03/25/16 05:05:15,443 [5932] DEBUG VT - Prepared sql query being executed : SELECT first_name,last_name, id AS id FROM vtiger_users WHERE id IN (?)
03/25/16 05:05:15,445 [5932] DEBUG VT - Prepared sql query parameters : [6]
03/25/16 05:05:15,476 [5932] DEBUG VT - Prepared sql query being executed : SELECT * FROM vtiger_role WHERE roleid = ?
03/25/16 05:05:15,479 [5932] DEBUG VT - Prepared sql query parameters : [H2]
03/25/16 05:05:15,485 [5932] DEBUG VT - Entering get_user_array(,ACTIVE,,) method ...
03/25/16 05:05:15,487 [5932] DEBUG VT - Sharing is Public. All vtiger_users should be listed
03/25/16 05:05:15,489 [5932] DEBUG VT - Prepared sql query being executed : SELECT id, user_name,first_name,last_name from vtiger_users WHERE status=? order by user_name ASC
03/25/16 05:05:15,491 [5932] DEBUG VT - Prepared sql query parameters : [ACTIVE]
03/25/16 05:05:15,501 [5932] INFO VT - PearDatabase ->ADODB fetchByAssoc return null
03/25/16 05:05:15,504 [5932] DEBUG VT - Exiting get_user_array method ...
03/25/16 05:05:15,506 [5932] DEBUG VT - Entering get_user_array(,ACTIVE,,) method ...
03/25/16 05:05:15,508 [5932] DEBUG VT - Sharing is Public. All vtiger_users should be listed
03/25/16 05:05:15,510 [5932] DEBUG VT - Prepared sql query being executed : SELECT groupid, groupname from vtiger_groups order by groupname ASC
03/25/16 05:05:15,516 [5932] INFO VT - PearDatabase ->ADODB fetchByAssoc return null
03/25/16 05:05:15,518 [5932] DEBUG VT - Exiting get_user_array method ...
03/25/16 05:05:15,520 [5932] DEBUG VT - Entering get_user_array(,ACTIVE,,) method ...
03/25/16 05:05:15,522 [5932] DEBUG VT - Sharing is Public. All vtiger_users should be listed
03/25/16 05:05:15,524 [5932] DEBUG VT - Prepared sql query being executed : SELECT groupid, groupname from vtiger_groups order by groupname ASC
03/25/16 05:05:15,530 [5932] INFO VT - PearDatabase ->ADODB fetchByAssoc return null
03/25/16 05:05:15,532 [5932] DEBUG VT - Exiting get_user_array method ...
03/25/16 05:05:15,546 [5932] DEBUG VT - Prepared sql query being executed : SELECT * FROM vtiger_role WHERE roleid = ?
03/25/16 05:05:15,548 [5932] DEBUG VT - Prepared sql query parameters : [H2]
03/25/16 05:05:15,553 [5932] DEBUG VT - Entering get_user_array(,ACTIVE,,) method ...
03/25/16 05:05:15,556 [5932] DEBUG VT - Sharing is Public. All vtiger_users should be listed
03/25/16 05:05:15,558 [5932] DEBUG VT - Prepared sql query being executed : SELECT groupid, groupname from vtiger_groups order by groupname ASC
03/25/16 05:05:15,564 [5932] INFO VT - PearDatabase ->ADODB fetchByAssoc return null
03/25/16 05:05:15,566 [5932] DEBUG VT - Exiting get_user_array method ...
03/25/16 05:05:15,570 [5932] DEBUG VT - Prepared sql query being executed : SELECT * FROM vtiger_role WHERE roleid = ?
03/25/16 05:05:15,572 [5932] DEBUG VT - Prepared sql query parameters : [H2]
03/25/16 05:05:15,579 [5932] DEBUG VT - Entering get_user_array(,ACTIVE,,) method ...
03/25/16 05:05:15,581 [5932] DEBUG VT - Sharing is Public. All vtiger_users should be listed
03/25/16 05:05:15,583 [5932] DEBUG VT - Prepared sql query being executed : SELECT groupid, groupname from vtiger_groups order by groupname ASC
03/25/16 05:05:15,589 [5932] INFO VT - PearDatabase ->ADODB fetchByAssoc return null
03/25/16 05:05:15,591 [5932] DEBUG VT - Exiting get_user_array method ...
03/25/16 05:05:15,648 [5932] DEBUG VT - Entering getDisplayDate(2015-12-21 06:00:02) method ...
03/25/16 05:05:15,651 [5932] DEBUG VT - Exiting getDisplayDate method ...
03/25/16 05:05:15,653 [5932] DEBUG VT - Entering getDisplayTime(2015-12-21 06:00:02) method ...
03/25/16 05:05:15,656 [5932] DEBUG VT - Exiting getDisplayTime method ...
03/25/16 05:05:15,665 [5932] DEBUG VT - Entering getDisplayDate(2015-12-25 01:02:06) method ...
03/25/16 05:05:15,667 [5932] DEBUG VT - Exiting getDisplayDate method ...
03/25/16 05:05:15,669 [5932] DEBUG VT - Entering getDisplayTime(2015-12-25 01:02:06) method ...
03/25/16 05:05:15,671 [5932] DEBUG VT - Exiting getDisplayTime method ...
03/25/16 05:05:15,681 [5932] DEBUG VT - Entering isPermitted(Leads,EditView,12) method ...
03/25/16 05:05:15,683 [5932] DEBUG VT - Entering getActionid(EditView) method ...
03/25/16 05:05:15,685 [5932] INFO VT - get Actionid EditView
03/25/16 05:05:15,688 [5932] INFO VT - action id selected is 1
03/25/16 05:05:15,690 [5932] DEBUG VT - Exiting getActionid method ...
03/25/16 05:05:15,692 [5932] DEBUG VT - Exiting isPermitted method ...
03/25/16 05:05:15,739 [5932] DEBUG VT - Entering isPermitted(Leads,EditView,12) method ...
03/25/16 05:05:15,742 [5932] DEBUG VT - Entering getActionid(EditView) method ...
03/25/16 05:05:15,744 [5932] INFO VT - get Actionid EditView
03/25/16 05:05:15,747 [5932] INFO VT - action id selected is 1
03/25/16 05:05:15,748 [5932] DEBUG VT - Exiting getActionid method ...
03/25/16 05:05:15,750 [5932] DEBUG VT - Exiting isPermitted method ...
03/25/16 05:05:15,753 [5932] DEBUG VT - Entering isPermitted(Leads,Delete,12) method ...
03/25/16 05:05:15,756 [5932] DEBUG VT - Entering getActionid(Delete) method ...
03/25/16 05:05:15,758 [5932] INFO VT - get Actionid Delete
03/25/16 05:05:15,760 [5932] INFO VT - action id selected is 2
03/25/16 05:05:15,761 [5932] DEBUG VT - Exiting getActionid method ...
03/25/16 05:05:15,763 [5932] DEBUG VT - Exiting isPermitted method ...
03/25/16 05:05:15,767 [5932] DEBUG VT - Entering isPermitted(Leads,EditView,12) method ...
03/25/16 05:05:15,769 [5932] DEBUG VT - Entering getActionid(EditView) method ...
03/25/16 05:05:15,771 [5932] INFO VT - get Actionid EditView
03/25/16 05:05:15,774 [5932] INFO VT - action id selected is 1
03/25/16 05:05:15,775 [5932] DEBUG VT - Exiting getActionid method ...
03/25/16 05:05:15,777 [5932] DEBUG VT - Exiting isPermitted method ...
03/25/16 05:05:15,785 [5932] DEBUG VT - Prepared sql query being executed : SELECT * FROM vtiger_modtracker_tabs WHERE vtiger_modtracker_tabs.visible = 1
								   AND vtiger_modtracker_tabs.tabid=?
03/25/16 05:05:15,787 [5932] DEBUG VT - Prepared sql query parameters : [7]
03/25/16 05:05:15,791 [5932] DEBUG VT - Prepared sql query being executed : SELECT vtiger_relatedlists.*,vtiger_tab.name as modulename FROM vtiger_relatedlists 
                    INNER JOIN vtiger_tab on vtiger_relatedlists.related_tabid = vtiger_tab.tabid
                    WHERE vtiger_relatedlists.tabid = ? AND related_tabid != 0 AND vtiger_relatedlists.presence <> 1 AND vtiger_tab.presence <> 1  AND vtiger_relatedlists.name NOT IN (?) ORDER BY sequence
03/25/16 05:05:15,793 [5932] DEBUG VT - Prepared sql query parameters : [7,get_history]
03/25/16 05:05:15,800 [5932] DEBUG VT - Entering isPermitted(Calendar,DetailView,) method ...
03/25/16 05:05:15,803 [5932] DEBUG VT - Entering getActionid(DetailView) method ...
03/25/16 05:05:15,805 [5932] INFO VT - get Actionid DetailView
03/25/16 05:05:15,808 [5932] INFO VT - action id selected is 4
03/25/16 05:05:15,810 [5932] DEBUG VT - Exiting getActionid method ...
03/25/16 05:05:15,812 [5932] DEBUG VT - Exiting isPermitted method ...
03/25/16 05:05:15,816 [5932] DEBUG VT - Entering isPermitted(Emails,DetailView,) method ...
03/25/16 05:05:15,819 [5932] DEBUG VT - Entering getActionid(DetailView) method ...
03/25/16 05:05:15,821 [5932] INFO VT - get Actionid DetailView
03/25/16 05:05:15,823 [5932] INFO VT - action id selected is 4
03/25/16 05:05:15,824 [5932] DEBUG VT - Exiting getActionid method ...
03/25/16 05:05:15,826 [5932] DEBUG VT - Exiting isPermitted method ...
03/25/16 05:05:15,830 [5932] DEBUG VT - Entering isPermitted(Documents,DetailView,) method ...
03/25/16 05:05:15,832 [5932] DEBUG VT - Entering getActionid(DetailView) method ...
03/25/16 05:05:15,835 [5932] INFO VT - get Actionid DetailView
03/25/16 05:05:15,837 [5932] INFO VT - action id selected is 4
03/25/16 05:05:15,839 [5932] DEBUG VT - Exiting getActionid method ...
03/25/16 05:05:15,840 [5932] DEBUG VT - Exiting isPermitted method ...
03/25/16 05:05:15,845 [5932] DEBUG VT - Entering isPermitted(Campaigns,DetailView,) method ...
03/25/16 05:05:15,847 [5932] DEBUG VT - Entering getActionid(DetailView) method ...
03/25/16 05:05:15,849 [5932] INFO VT - get Actionid DetailView
03/25/16 05:05:15,852 [5932] INFO VT - action id selected is 4
03/25/16 05:05:15,853 [5932] DEBUG VT - Exiting getActionid method ...
03/25/16 05:05:15,855 [5932] DEBUG VT - Exiting isPermitted method ...
03/25/16 05:05:15,861 [5932] DEBUG VT - Prepared sql query being executed : SELECT * FROM vtiger_modtracker_tabs WHERE vtiger_modtracker_tabs.visible = 1
								   AND vtiger_modtracker_tabs.tabid=?
03/25/16 05:05:15,863 [5932] DEBUG VT - Prepared sql query parameters : [7]
03/25/16 05:05:15,874 [5932] DEBUG VT - Prepared sql query being executed : SELECT name FROM vtiger_tab WHERE name not in (?,?,?,?,?) AND isentitytype=1 AND presence = 0 AND tabid = ?
03/25/16 05:05:15,877 [5932] DEBUG VT - Prepared sql query parameters : [Calendar,Emails,Faq,Events,Users,7]
03/25/16 05:05:15,895 [5932] DEBUG VT - Entering isPermitted(Leads,ConvertLead,12) method ...
03/25/16 05:05:15,897 [5932] DEBUG VT - Entering getActionid(ConvertLead) method ...
03/25/16 05:05:15,899 [5932] INFO VT - get Actionid ConvertLead
03/25/16 05:05:15,902 [5932] INFO VT - action id selected is 9
03/25/16 05:05:15,904 [5932] DEBUG VT - Exiting getActionid method ...
03/25/16 05:05:15,906 [5932] DEBUG VT - Exiting isPermitted method ...
03/25/16 05:05:15,907 [5932] DEBUG VT - Entering isPermitted(Leads,EditView,12) method ...
03/25/16 05:05:15,910 [5932] DEBUG VT - Entering getActionid(EditView) method ...
03/25/16 05:05:15,912 [5932] INFO VT - get Actionid EditView
03/25/16 05:05:15,914 [5932] INFO VT - action id selected is 1
03/25/16 05:05:15,915 [5932] DEBUG VT - Exiting getActionid method ...
03/25/16 05:05:15,917 [5932] DEBUG VT - Exiting isPermitted method ...
03/25/16 05:05:16,985 [5932] INFO VT - PearDatabase ->ADODB disconnect
03/25/16 05:05:17,013 [5932] INFO VT - PearDatabase ->ADODB disconnect
03/25/16 05:05:17,357 [5932] DEBUG user - Entering Users() method ...
03/25/16 05:05:17,360 [5932] DEBUG VT - Entering getColumnFields(Users) method ...
03/25/16 05:05:17,363 [5932] DEBUG VT - in getColumnFields Users
03/25/16 05:05:17,367 [5932] DEBUG VT - Prepared sql query being executed : SELECT tabid, name, ownedby FROM vtiger_tab
03/25/16 05:05:17,420 [5932] DEBUG VT - Prepared sql query being executed : SELECT tabid, fieldname, fieldid, fieldlabel, columnname, tablename, uitype, typeofdata, presence
		FROM vtiger_field WHERE tabid in (?)
03/25/16 05:05:17,422 [5932] DEBUG VT - Prepared sql query parameters : [29]
03/25/16 05:05:17,565 [5932] DEBUG VT - Exiting getColumnFields method ...
03/25/16 05:05:17,567 [5932] DEBUG user - Exiting Users() method ...
03/25/16 05:05:17,579 [5932] DEBUG VT - Prepared sql query being executed : SELECT * FROM vtiger_tab
03/25/16 05:05:17,709 [5932] DEBUG VT - Prepared sql query being executed : SELECT fieldname,modulename,tablename,entityidfield,entityidcolumn from vtiger_entityname
03/25/16 05:05:17,846 [5932] DEBUG VT - Entering isPermitted(Leads,DetailView,12) method ...
03/25/16 05:05:17,849 [5932] DEBUG VT - Entering getActionid(DetailView) method ...
03/25/16 05:05:17,851 [5932] INFO VT - get Actionid DetailView
03/25/16 05:05:17,856 [5932] INFO VT - action id selected is 4
03/25/16 05:05:17,858 [5932] DEBUG VT - Exiting getActionid method ...
03/25/16 05:05:17,860 [5932] DEBUG VT - Exiting isPermitted method ...
03/25/16 05:05:17,935 [5932] DEBUG VT - Prepared sql query being executed : SELECT * FROM vtiger_modtracker_basic WHERE crmid = ?  ORDER BY changedon DESC LIMIT 0, 5
03/25/16 05:05:17,937 [5932] DEBUG VT - Prepared sql query parameters : [12]
03/25/16 05:05:17,986 [5932] DEBUG lead - Entering Leads() method ...
03/25/16 05:05:17,988 [5932] DEBUG VT - Entering getColumnFields(Leads) method ...
03/25/16 05:05:17,990 [5932] DEBUG VT - in getColumnFields Leads
03/25/16 05:05:17,995 [5932] DEBUG VT - Prepared sql query being executed : SELECT tabid, fieldname, fieldid, fieldlabel, columnname, tablename, uitype, typeofdata, presence
		FROM vtiger_field WHERE tabid in (?)
03/25/16 05:05:17,997 [5932] DEBUG VT - Prepared sql query parameters : [7]
03/25/16 05:05:18,073 [5932] DEBUG VT - Exiting getColumnFields method ...
03/25/16 05:05:18,075 [5932] DEBUG lead - Exiting Lead method ...
03/25/16 05:05:18,082 [5932] DEBUG VT - Prepared sql query being executed : SELECT vtiger_leaddetails.salutation AS vtiger_leaddetailssalutationtype,vtiger_leaddetails.firstname AS vtiger_leaddetailsfirstname,vtiger_leaddetails.lead_no AS vtiger_leaddetailslead_no,vtiger_leadaddress.phone AS vtiger_leadaddressphone,vtiger_leaddetails.lastname AS vtiger_leaddetailslastname,vtiger_leadaddress.mobile AS vtiger_leadaddressmobile,vtiger_leaddetails.company AS vtiger_leaddetailscompany,vtiger_leadaddress.fax AS vtiger_leadaddressfax,vtiger_leaddetails.designation AS vtiger_leaddetailsdesignation,vtiger_leaddetails.email AS vtiger_leaddetailsemail,vtiger_leaddetails.leadsource AS vtiger_leaddetailsleadsource,vtiger_leadsubdetails.website AS vtiger_leadsubdetailswebsite,vtiger_leaddetails.industry AS vtiger_leaddetailsindustry,vtiger_leaddetails.leadstatus AS vtiger_leaddetailsleadstatus,vtiger_leaddetails.annualrevenue AS vtiger_leaddetailsannualrevenue,vtiger_leaddetails.rating AS vtiger_leaddetailsrating,vtiger_leaddetails.noofemployees AS vtiger_leaddetailsnoofemployees,vtiger_crmentity.smownerid AS vtiger_crmentityassigned_user_id,vtiger_leaddetails.secondaryemail AS vtiger_leaddetailssecondaryemail,vtiger_crmentity.createdtime AS vtiger_crmentitycreatedtime,vtiger_crmentity.modifiedtime AS vtiger_crmentitymodifiedtime,vtiger_crmentity.modifiedby AS vtiger_crmentitymodifiedby,vtiger_leadaddress.lane AS vtiger_leadaddresslane,vtiger_leadaddress.code AS vtiger_leadaddresscode,vtiger_leadaddress.city AS vtiger_leadaddresscity,vtiger_leadaddress.country AS vtiger_leadaddresscountry,vtiger_leadaddress.state AS vtiger_leadaddressstate,vtiger_leadaddress.pobox AS vtiger_leadaddresspobox,vtiger_crmentity.description AS vtiger_crmentitydescription,vtiger_leaddetails.emailoptout AS vtiger_leaddetailsemailoptout,vtiger_crmentity.deleted FROM  vtiger_crmentity LEFT JOIN vtiger_leaddetails ON vtiger_leaddetails.leadid=vtiger_crmentity.crmid LEFT JOIN vtiger_leadsubdetails ON vtiger_leadsubdetails.leadsubscriptionid=vtiger_crmentity.crmid LEFT JOIN vtiger_leadaddress ON vtiger_leadaddress.leadaddressid=vtiger_crmentity.crmid LEFT JOIN vtiger_leadscf ON vtiger_leadscf.leadid=vtiger_crmentity.crmid WHERE  vtiger_crmentity.crmid=?  LIMIT 1
03/25/16 05:05:18,084 [5932] DEBUG VT - Prepared sql query parameters : [12]
03/25/16 05:05:18,103 [5932] DEBUG lead - Entering Leads() method ...
03/25/16 05:05:18,105 [5932] DEBUG VT - Entering getColumnFields(Leads) method ...
03/25/16 05:05:18,107 [5932] DEBUG VT - in getColumnFields Leads
03/25/16 05:05:18,110 [5932] DEBUG VT - Exiting getColumnFields method ...
03/25/16 05:05:18,112 [5932] DEBUG lead - Exiting Lead method ...
03/25/16 05:05:18,118 [5932] DEBUG VT - Prepared sql query being executed : SELECT vtiger_leaddetails.salutation AS vtiger_leaddetailssalutationtype,vtiger_leaddetails.firstname AS vtiger_leaddetailsfirstname,vtiger_leaddetails.lead_no AS vtiger_leaddetailslead_no,vtiger_leadaddress.phone AS vtiger_leadaddressphone,vtiger_leaddetails.lastname AS vtiger_leaddetailslastname,vtiger_leadaddress.mobile AS vtiger_leadaddressmobile,vtiger_leaddetails.company AS vtiger_leaddetailscompany,vtiger_leadaddress.fax AS vtiger_leadaddressfax,vtiger_leaddetails.designation AS vtiger_leaddetailsdesignation,vtiger_leaddetails.email AS vtiger_leaddetailsemail,vtiger_leaddetails.leadsource AS vtiger_leaddetailsleadsource,vtiger_leadsubdetails.website AS vtiger_leadsubdetailswebsite,vtiger_leaddetails.industry AS vtiger_leaddetailsindustry,vtiger_leaddetails.leadstatus AS vtiger_leaddetailsleadstatus,vtiger_leaddetails.annualrevenue AS vtiger_leaddetailsannualrevenue,vtiger_leaddetails.rating AS vtiger_leaddetailsrating,vtiger_leaddetails.noofemployees AS vtiger_leaddetailsnoofemployees,vtiger_crmentity.smownerid AS vtiger_crmentityassigned_user_id,vtiger_leaddetails.secondaryemail AS vtiger_leaddetailssecondaryemail,vtiger_crmentity.createdtime AS vtiger_crmentitycreatedtime,vtiger_crmentity.modifiedtime AS vtiger_crmentitymodifiedtime,vtiger_crmentity.modifiedby AS vtiger_crmentitymodifiedby,vtiger_leadaddress.lane AS vtiger_leadaddresslane,vtiger_leadaddress.code AS vtiger_leadaddresscode,vtiger_leadaddress.city AS vtiger_leadaddresscity,vtiger_leadaddress.country AS vtiger_leadaddresscountry,vtiger_leadaddress.state AS vtiger_leadaddressstate,vtiger_leadaddress.pobox AS vtiger_leadaddresspobox,vtiger_crmentity.description AS vtiger_crmentitydescription,vtiger_leaddetails.emailoptout AS vtiger_leaddetailsemailoptout,vtiger_crmentity.deleted FROM  vtiger_crmentity LEFT JOIN vtiger_leaddetails ON vtiger_leaddetails.leadid=vtiger_crmentity.crmid LEFT JOIN vtiger_leadsubdetails ON vtiger_leadsubdetails.leadsubscriptionid=vtiger_crmentity.crmid LEFT JOIN vtiger_leadaddress ON vtiger_leadaddress.leadaddressid=vtiger_crmentity.crmid LEFT JOIN vtiger_leadscf ON vtiger_leadscf.leadid=vtiger_crmentity.crmid WHERE  vtiger_crmentity.crmid=?  LIMIT 1
03/25/16 05:05:18,120 [5932] DEBUG VT - Prepared sql query parameters : [12]
03/25/16 05:05:18,134 [5932] DEBUG lead - Entering Leads() method ...
03/25/16 05:05:18,136 [5932] DEBUG VT - Entering getColumnFields(Leads) method ...
03/25/16 05:05:18,138 [5932] DEBUG VT - in getColumnFields Leads
03/25/16 05:05:18,143 [5932] DEBUG VT - Exiting getColumnFields method ...
03/25/16 05:05:18,145 [5932] DEBUG lead - Exiting Lead method ...
03/25/16 05:05:18,151 [5932] DEBUG VT - Prepared sql query being executed : SELECT vtiger_leaddetails.salutation AS vtiger_leaddetailssalutationtype,vtiger_leaddetails.firstname AS vtiger_leaddetailsfirstname,vtiger_leaddetails.lead_no AS vtiger_leaddetailslead_no,vtiger_leadaddress.phone AS vtiger_leadaddressphone,vtiger_leaddetails.lastname AS vtiger_leaddetailslastname,vtiger_leadaddress.mobile AS vtiger_leadaddressmobile,vtiger_leaddetails.company AS vtiger_leaddetailscompany,vtiger_leadaddress.fax AS vtiger_leadaddressfax,vtiger_leaddetails.designation AS vtiger_leaddetailsdesignation,vtiger_leaddetails.email AS vtiger_leaddetailsemail,vtiger_leaddetails.leadsource AS vtiger_leaddetailsleadsource,vtiger_leadsubdetails.website AS vtiger_leadsubdetailswebsite,vtiger_leaddetails.industry AS vtiger_leaddetailsindustry,vtiger_leaddetails.leadstatus AS vtiger_leaddetailsleadstatus,vtiger_leaddetails.annualrevenue AS vtiger_leaddetailsannualrevenue,vtiger_leaddetails.rating AS vtiger_leaddetailsrating,vtiger_leaddetails.noofemployees AS vtiger_leaddetailsnoofemployees,vtiger_crmentity.smownerid AS vtiger_crmentityassigned_user_id,vtiger_leaddetails.secondaryemail AS vtiger_leaddetailssecondaryemail,vtiger_crmentity.createdtime AS vtiger_crmentitycreatedtime,vtiger_crmentity.modifiedtime AS vtiger_crmentitymodifiedtime,vtiger_crmentity.modifiedby AS vtiger_crmentitymodifiedby,vtiger_leadaddress.lane AS vtiger_leadaddresslane,vtiger_leadaddress.code AS vtiger_leadaddresscode,vtiger_leadaddress.city AS vtiger_leadaddresscity,vtiger_leadaddress.country AS vtiger_leadaddresscountry,vtiger_leadaddress.state AS vtiger_leadaddressstate,vtiger_leadaddress.pobox AS vtiger_leadaddresspobox,vtiger_crmentity.description AS vtiger_crmentitydescription,vtiger_leaddetails.emailoptout AS vtiger_leaddetailsemailoptout,vtiger_crmentity.deleted FROM  vtiger_crmentity LEFT JOIN vtiger_leaddetails ON vtiger_leaddetails.leadid=vtiger_crmentity.crmid LEFT JOIN vtiger_leadsubdetails ON vtiger_leadsubdetails.leadsubscriptionid=vtiger_crmentity.crmid LEFT JOIN vtiger_leadaddress ON vtiger_leadaddress.leadaddressid=vtiger_crmentity.crmid LEFT JOIN vtiger_leadscf ON vtiger_leadscf.leadid=vtiger_crmentity.crmid WHERE  vtiger_crmentity.crmid=?  LIMIT 1
03/25/16 05:05:18,153 [5932] DEBUG VT - Prepared sql query parameters : [12]
03/25/16 05:05:18,167 [5932] DEBUG lead - Entering Leads() method ...
03/25/16 05:05:18,169 [5932] DEBUG VT - Entering getColumnFields(Leads) method ...
03/25/16 05:05:18,172 [5932] DEBUG VT - in getColumnFields Leads
03/25/16 05:05:18,177 [5932] DEBUG VT - Exiting getColumnFields method ...
03/25/16 05:05:18,178 [5932] DEBUG lead - Exiting Lead method ...
03/25/16 05:05:18,185 [5932] DEBUG VT - Prepared sql query being executed : SELECT vtiger_leaddetails.salutation AS vtiger_leaddetailssalutationtype,vtiger_leaddetails.firstname AS vtiger_leaddetailsfirstname,vtiger_leaddetails.lead_no AS vtiger_leaddetailslead_no,vtiger_leadaddress.phone AS vtiger_leadaddressphone,vtiger_leaddetails.lastname AS vtiger_leaddetailslastname,vtiger_leadaddress.mobile AS vtiger_leadaddressmobile,vtiger_leaddetails.company AS vtiger_leaddetailscompany,vtiger_leadaddress.fax AS vtiger_leadaddressfax,vtiger_leaddetails.designation AS vtiger_leaddetailsdesignation,vtiger_leaddetails.email AS vtiger_leaddetailsemail,vtiger_leaddetails.leadsource AS vtiger_leaddetailsleadsource,vtiger_leadsubdetails.website AS vtiger_leadsubdetailswebsite,vtiger_leaddetails.industry AS vtiger_leaddetailsindustry,vtiger_leaddetails.leadstatus AS vtiger_leaddetailsleadstatus,vtiger_leaddetails.annualrevenue AS vtiger_leaddetailsannualrevenue,vtiger_leaddetails.rating AS vtiger_leaddetailsrating,vtiger_leaddetails.noofemployees AS vtiger_leaddetailsnoofemployees,vtiger_crmentity.smownerid AS vtiger_crmentityassigned_user_id,vtiger_leaddetails.secondaryemail AS vtiger_leaddetailssecondaryemail,vtiger_crmentity.createdtime AS vtiger_crmentitycreatedtime,vtiger_crmentity.modifiedtime AS vtiger_crmentitymodifiedtime,vtiger_crmentity.modifiedby AS vtiger_crmentitymodifiedby,vtiger_leadaddress.lane AS vtiger_leadaddresslane,vtiger_leadaddress.code AS vtiger_leadaddresscode,vtiger_leadaddress.city AS vtiger_leadaddresscity,vtiger_leadaddress.country AS vtiger_leadaddresscountry,vtiger_leadaddress.state AS vtiger_leadaddressstate,vtiger_leadaddress.pobox AS vtiger_leadaddresspobox,vtiger_crmentity.description AS vtiger_crmentitydescription,vtiger_leaddetails.emailoptout AS vtiger_leaddetailsemailoptout,vtiger_crmentity.deleted FROM  vtiger_crmentity LEFT JOIN vtiger_leaddetails ON vtiger_leaddetails.leadid=vtiger_crmentity.crmid LEFT JOIN vtiger_leadsubdetails ON vtiger_leadsubdetails.leadsubscriptionid=vtiger_crmentity.crmid LEFT JOIN vtiger_leadaddress ON vtiger_leadaddress.leadaddressid=vtiger_crmentity.crmid LEFT JOIN vtiger_leadscf ON vtiger_leadscf.leadid=vtiger_crmentity.crmid WHERE  vtiger_crmentity.crmid=?  LIMIT 1
03/25/16 05:05:18,187 [5932] DEBUG VT - Prepared sql query parameters : [12]
03/25/16 05:05:18,200 [5932] DEBUG VT - Prepared sql query being executed : SELECT COUNT(*) AS count FROM vtiger_modtracker_basic WHERE crmid = ?
03/25/16 05:05:18,202 [5932] DEBUG VT - Prepared sql query parameters : [12]
03/25/16 05:05:18,241 [5932] DEBUG user - Entering Users() method ...
03/25/16 05:05:18,244 [5932] DEBUG VT - Entering getColumnFields(Users) method ...
03/25/16 05:05:18,246 [5932] DEBUG VT - in getColumnFields Users
03/25/16 05:05:18,250 [5932] DEBUG VT - Exiting getColumnFields method ...
03/25/16 05:05:18,251 [5932] DEBUG user - Exiting Users() method ...
03/25/16 05:05:18,253 [5932] DEBUG VT - Entering into retrieve_entity_info(5, Users) method.
03/25/16 05:05:18,255 [5932] DEBUG VT - Prepared sql query being executed : select * from vtiger_users where id=?
03/25/16 05:05:18,257 [5932] DEBUG VT - Prepared sql query parameters : [5]
03/25/16 05:05:18,261 [5932] DEBUG VT - Prepared sql query being executed : select * from vtiger_attachments where attachmentsid=?
03/25/16 05:05:18,264 [5932] DEBUG VT - Prepared sql query parameters : [5]
03/25/16 05:05:18,296 [5932] DEBUG VT - Prepared sql query being executed : select * from vtiger_user2role where userid=?
03/25/16 05:05:18,298 [5932] DEBUG VT - Prepared sql query parameters : [5]
03/25/16 05:05:18,301 [5932] DEBUG VT - Prepared sql query being executed : select * from vtiger_asteriskextensions where userid=?
03/25/16 05:05:18,303 [5932] DEBUG VT - Prepared sql query parameters : [5]
03/25/16 05:05:18,347 [5932] DEBUG VT - Prepared sql query being executed : select * from vtiger_field where tabid=? and vtiger_field.presence in (0,2)
03/25/16 05:05:18,349 [5932] DEBUG VT - Prepared sql query parameters : [29]
03/25/16 05:05:18,481 [5932] DEBUG VT - Prepared sql query being executed : select * from vtiger_currency_info where id=? and currency_status='Active' and deleted=0
03/25/16 05:05:18,483 [5932] DEBUG VT - Prepared sql query parameters : [1]
03/25/16 05:05:18,544 [5932] DEBUG VT - Exit from retrieve_entity_info(5, Users) method.
03/25/16 05:05:18,553 [5932] DEBUG VT - Entering getDisplayDate(2015-12-25 01:02:06) method ...
03/25/16 05:05:18,556 [5932] DEBUG VT - Exiting getDisplayDate method ...
03/25/16 05:05:18,558 [5932] DEBUG VT - Entering getDisplayTime(2015-12-25 01:02:06) method ...
03/25/16 05:05:18,560 [5932] DEBUG VT - Exiting getDisplayTime method ...
03/25/16 05:05:18,575 [5932] DEBUG VT - Prepared sql query being executed : SELECT * FROM vtiger_modtracker_detail WHERE id = ?
03/25/16 05:05:18,577 [5932] DEBUG VT - Prepared sql query parameters : [62]
03/25/16 05:05:18,603 [5932] DEBUG VT - Prepared sql query being executed : SELECT COUNT(fieldname) FROM vtiger_field WHERE tabid=?
03/25/16 05:05:18,605 [5932] DEBUG VT - Prepared sql query parameters : [7]
03/25/16 05:05:18,609 [5932] DEBUG VT - Prepared sql query being executed : SELECT * FROM vtiger_field WHERE tabid=?
03/25/16 05:05:18,611 [5932] DEBUG VT - Prepared sql query parameters : [7]
03/25/16 05:05:18,754 [5932] DEBUG VT - Prepared sql query being executed : SELECT * FROM vtiger_blocks WHERE blockid=?
03/25/16 05:05:18,756 [5932] DEBUG VT - Prepared sql query parameters : [13]
03/25/16 05:05:18,786 [5932] DEBUG VT - Prepared sql query being executed : select * from vtiger_ws_fieldtype
03/25/16 05:05:18,828 [5932] DEBUG VT - Prepared sql query being executed : SELECT 1 FROM vtiger_users WHERE id = ?
03/25/16 05:05:18,830 [5932] DEBUG VT - Prepared sql query parameters : [5]
03/25/16 05:05:18,834 [5932] DEBUG user - Entering Users() method ...
03/25/16 05:05:18,836 [5932] DEBUG VT - Entering getColumnFields(Users) method ...
03/25/16 05:05:18,838 [5932] DEBUG VT - in getColumnFields Users
03/25/16 05:05:18,842 [5932] DEBUG VT - Exiting getColumnFields method ...
03/25/16 05:05:18,843 [5932] DEBUG user - Exiting Users() method ...
03/25/16 05:05:18,847 [5932] DEBUG VT - Prepared sql query being executed : SELECT first_name,last_name, id AS id FROM vtiger_users WHERE id IN (?)
03/25/16 05:05:18,849 [5932] DEBUG VT - Prepared sql query parameters : [5]
03/25/16 05:05:18,855 [5932] DEBUG VT - Prepared sql query being executed : SELECT 1 FROM vtiger_users WHERE id = ?
03/25/16 05:05:18,858 [5932] DEBUG VT - Prepared sql query parameters : [6]
03/25/16 05:05:18,863 [5932] DEBUG user - Entering Users() method ...
03/25/16 05:05:18,865 [5932] DEBUG VT - Entering getColumnFields(Users) method ...
03/25/16 05:05:18,867 [5932] DEBUG VT - in getColumnFields Users
03/25/16 05:05:18,871 [5932] DEBUG VT - Exiting getColumnFields method ...
03/25/16 05:05:18,872 [5932] DEBUG user - Exiting Users() method ...
03/25/16 05:05:18,876 [5932] DEBUG VT - Prepared sql query being executed : SELECT first_name,last_name, id AS id FROM vtiger_users WHERE id IN (?)
03/25/16 05:05:18,878 [5932] DEBUG VT - Prepared sql query parameters : [6]
03/25/16 05:05:18,883 [5932] DEBUG VT - Prepared sql query being executed : SELECT * FROM vtiger_modtracker_relations WHERE id = ?
03/25/16 05:05:18,884 [5932] DEBUG VT - Prepared sql query parameters : [61]
03/25/16 05:05:18,897 [5932] DEBUG VT - Prepared sql query being executed : SELECT * FROM vtiger_crmentity WHERE crmid = ?
03/25/16 05:05:18,900 [5932] DEBUG VT - Prepared sql query parameters : [32]
03/25/16 05:05:18,917 [5932] DEBUG VT - Prepared sql query being executed : SELECT * FROM vtiger_modtracker_relations WHERE id = ?
03/25/16 05:05:18,920 [5932] DEBUG VT - Prepared sql query parameters : [61]
03/25/16 05:05:18,925 [5932] DEBUG VT - Prepared sql query being executed : SELECT * FROM vtiger_crmentity WHERE crmid = ?
03/25/16 05:05:18,928 [5932] DEBUG VT - Prepared sql query parameters : [32]
03/25/16 05:05:18,935 [5932] DEBUG VT - Prepared sql query being executed : SELECT * FROM vtiger_crmentity WHERE crmid = ?
03/25/16 05:05:18,937 [5932] DEBUG VT - Prepared sql query parameters : [32]
03/25/16 05:05:18,946 [5932] DEBUG VT - Prepared sql query being executed : SELECT * FROM vtiger_crmentity WHERE crmid = ?
03/25/16 05:05:18,947 [5932] DEBUG VT - Prepared sql query parameters : [32]
03/25/16 05:05:18,955 [5932] DEBUG VT - Prepared sql query being executed : SELECT * FROM vtiger_crmentity WHERE crmid = ?
03/25/16 05:05:18,958 [5932] DEBUG VT - Prepared sql query parameters : [32]
03/25/16 05:05:18,967 [5932] DEBUG VT - Entering isPermitted(Calendar,DetailView,32) method ...
03/25/16 05:05:18,970 [5932] DEBUG VT - Entering getActionid(DetailView) method ...
03/25/16 05:05:18,972 [5932] INFO VT - get Actionid DetailView
03/25/16 05:05:18,975 [5932] INFO VT - action id selected is 4
03/25/16 05:05:18,977 [5932] DEBUG VT - Exiting getActionid method ...
03/25/16 05:05:18,979 [5932] DEBUG VT - Exiting isPermitted method ...
03/25/16 05:05:18,981 [5932] DEBUG VT - Prepared sql query being executed : SELECT * FROM vtiger_crmentity WHERE crmid = ?
03/25/16 05:05:18,983 [5932] DEBUG VT - Prepared sql query parameters : [32]
03/25/16 05:05:18,992 [5932] DEBUG VT - Entering getDisplayDate(2015-12-25 00:58:44) method ...
03/25/16 05:05:18,997 [5932] DEBUG VT - Exiting getDisplayDate method ...
03/25/16 05:05:18,1000 [5932] DEBUG VT - Entering getDisplayTime(2015-12-25 00:58:44) method ...
03/25/16 05:05:19,003 [5932] DEBUG VT - Exiting getDisplayTime method ...
03/25/16 05:05:19,018 [5932] DEBUG VT - Prepared sql query being executed : SELECT * FROM vtiger_modtracker_relations WHERE id = ?
03/25/16 05:05:19,020 [5932] DEBUG VT - Prepared sql query parameters : [59]
03/25/16 05:05:19,025 [5932] DEBUG VT - Prepared sql query being executed : SELECT * FROM vtiger_crmentity WHERE crmid = ?
03/25/16 05:05:19,027 [5932] DEBUG VT - Prepared sql query parameters : [31]
03/25/16 05:05:19,036 [5932] DEBUG VT - Prepared sql query being executed : SELECT * FROM vtiger_modtracker_relations WHERE id = ?
03/25/16 05:05:19,039 [5932] DEBUG VT - Prepared sql query parameters : [59]
03/25/16 05:05:19,043 [5932] DEBUG VT - Prepared sql query being executed : SELECT * FROM vtiger_crmentity WHERE crmid = ?
03/25/16 05:05:19,045 [5932] DEBUG VT - Prepared sql query parameters : [31]
03/25/16 05:05:19,053 [5932] DEBUG VT - Prepared sql query being executed : SELECT * FROM vtiger_crmentity WHERE crmid = ?
03/25/16 05:05:19,055 [5932] DEBUG VT - Prepared sql query parameters : [31]
03/25/16 05:05:19,069 [5932] DEBUG VT - Prepared sql query being executed : SELECT * FROM vtiger_crmentity WHERE crmid = ?
03/25/16 05:05:19,072 [5932] DEBUG VT - Prepared sql query parameters : [31]
03/25/16 05:05:19,081 [5932] DEBUG VT - Prepared sql query being executed : SELECT * FROM vtiger_crmentity WHERE crmid = ?
03/25/16 05:05:19,084 [5932] DEBUG VT - Prepared sql query parameters : [31]
03/25/16 05:05:19,092 [5932] DEBUG VT - Entering isPermitted(Calendar,DetailView,31) method ...
03/25/16 05:05:19,095 [5932] DEBUG VT - Entering getActionid(DetailView) method ...
03/25/16 05:05:19,097 [5932] INFO VT - get Actionid DetailView
03/25/16 05:05:19,100 [5932] INFO VT - action id selected is 4
03/25/16 05:05:19,103 [5932] DEBUG VT - Exiting getActionid method ...
03/25/16 05:05:19,105 [5932] DEBUG VT - Exiting isPermitted method ...
03/25/16 05:05:19,107 [5932] DEBUG VT - Prepared sql query being executed : SELECT * FROM vtiger_crmentity WHERE crmid = ?
03/25/16 05:05:19,110 [5932] DEBUG VT - Prepared sql query parameters : [31]
03/25/16 05:05:19,119 [5932] DEBUG VT - Entering getDisplayDate(2015-12-25 00:56:40) method ...
03/25/16 05:05:19,121 [5932] DEBUG VT - Exiting getDisplayDate method ...
03/25/16 05:05:19,123 [5932] DEBUG VT - Entering getDisplayTime(2015-12-25 00:56:40) method ...
03/25/16 05:05:19,125 [5932] DEBUG VT - Exiting getDisplayTime method ...
03/25/16 05:05:19,138 [5932] DEBUG user - Entering Users() method ...
03/25/16 05:05:19,140 [5932] DEBUG VT - Entering getColumnFields(Users) method ...
03/25/16 05:05:19,141 [5932] DEBUG VT - in getColumnFields Users
03/25/16 05:05:19,146 [5932] DEBUG VT - Exiting getColumnFields method ...
03/25/16 05:05:19,147 [5932] DEBUG user - Exiting Users() method ...
03/25/16 05:05:19,149 [5932] DEBUG VT - Entering into retrieve_entity_info(5, Users) method.
03/25/16 05:05:19,151 [5932] DEBUG VT - Prepared sql query being executed : select * from vtiger_users where id=?
03/25/16 05:05:19,153 [5932] DEBUG VT - Prepared sql query parameters : [5]
03/25/16 05:05:19,157 [5932] DEBUG VT - Prepared sql query being executed : select * from vtiger_attachments where attachmentsid=?
03/25/16 05:05:19,160 [5932] DEBUG VT - Prepared sql query parameters : [5]
03/25/16 05:05:19,166 [5932] DEBUG VT - Prepared sql query being executed : select * from vtiger_user2role where userid=?
03/25/16 05:05:19,168 [5932] DEBUG VT - Prepared sql query parameters : [5]
03/25/16 05:05:19,171 [5932] DEBUG VT - Prepared sql query being executed : select * from vtiger_asteriskextensions where userid=?
03/25/16 05:05:19,174 [5932] DEBUG VT - Prepared sql query parameters : [5]
03/25/16 05:05:19,177 [5932] DEBUG VT - Prepared sql query being executed : select * from vtiger_field where tabid=? and vtiger_field.presence in (0,2)
03/25/16 05:05:19,179 [5932] DEBUG VT - Prepared sql query parameters : [29]
03/25/16 05:05:19,311 [5932] DEBUG VT - Prepared sql query being executed : select * from vtiger_currency_info where id=? and currency_status='Active' and deleted=0
03/25/16 05:05:19,313 [5932] DEBUG VT - Prepared sql query parameters : [1]
03/25/16 05:05:19,318 [5932] DEBUG VT - Exit from retrieve_entity_info(5, Users) method.
03/25/16 05:05:19,322 [5932] DEBUG VT - Entering getDisplayDate(2015-12-21 06:00:02) method ...
03/25/16 05:05:19,325 [5932] DEBUG VT - Exiting getDisplayDate method ...
03/25/16 05:05:19,326 [5932] DEBUG VT - Entering getDisplayTime(2015-12-21 06:00:02) method ...
03/25/16 05:05:19,329 [5932] DEBUG VT - Exiting getDisplayTime method ...
03/25/16 05:05:19,474 [5932] DEBUG user - Entering Users() method ...
03/25/16 05:05:19,476 [5932] DEBUG VT - Entering getColumnFields(Users) method ...
03/25/16 05:05:19,479 [5932] DEBUG VT - in getColumnFields Users
03/25/16 05:05:19,481 [5932] DEBUG VT - Prepared sql query being executed : SELECT tabid, name, ownedby FROM vtiger_tab
03/25/16 05:05:19,545 [5932] DEBUG VT - Prepared sql query being executed : SELECT tabid, fieldname, fieldid, fieldlabel, columnname, tablename, uitype, typeofdata, presence
		FROM vtiger_field WHERE tabid in (?)
03/25/16 05:05:19,547 [5932] DEBUG VT - Prepared sql query parameters : [29]
03/25/16 05:05:19,679 [5932] DEBUG VT - Exiting getColumnFields method ...
03/25/16 05:05:19,680 [5932] DEBUG user - Exiting Users() method ...
03/25/16 05:05:19,694 [5932] DEBUG VT - Prepared sql query being executed : SELECT * FROM vtiger_tab
03/25/16 05:05:19,806 [5932] DEBUG VT - Prepared sql query being executed : SELECT fieldname,modulename,tablename,entityidfield,entityidcolumn from vtiger_entityname
03/25/16 05:05:19,881 [5932] DEBUG VT - Prepared sql query being executed : SELECT reminderid, recordid FROM vtiger_activity_reminder_popup
            					INNER JOIN vtiger_activity on vtiger_activity.activityid = vtiger_activity_reminder_popup.recordid
								INNER JOIN vtiger_crmentity ON vtiger_activity_reminder_popup.recordid = vtiger_crmentity.crmid
								WHERE vtiger_activity_reminder_popup.status = 0
								AND vtiger_crmentity.smownerid = ? AND vtiger_crmentity.deleted = 0
								AND ((DATE_FORMAT(vtiger_activity_reminder_popup.date_start,'%Y-%m-%d') <= ?)
								AND (TIME_FORMAT(vtiger_activity_reminder_popup.time_start,'%H:%i') <= ?))
                                AND vtiger_activity.eventstatus <> 'Held' AND (vtiger_activity.status <> 'Completed' OR vtiger_activity.status IS NULL) LIMIT 20
03/25/16 05:05:19,883 [5932] DEBUG VT - Prepared sql query parameters : [1,2016-03-25,05:06]
03/25/16 05:06:02,254 [5932] INFO VT - PearDatabase ->ADODB disconnect
03/25/16 05:06:02,476 [5932] DEBUG user - Entering Users() method ...
03/25/16 05:06:02,478 [5932] DEBUG VT - Entering getColumnFields(Users) method ...
03/25/16 05:06:02,480 [5932] DEBUG VT - in getColumnFields Users
03/25/16 05:06:02,482 [5932] DEBUG VT - Prepared sql query being executed : SELECT tabid, name, ownedby FROM vtiger_tab
03/25/16 05:06:02,524 [5932] DEBUG VT - Prepared sql query being executed : SELECT tabid, fieldname, fieldid, fieldlabel, columnname, tablename, uitype, typeofdata, presence
		FROM vtiger_field WHERE tabid in (?)
03/25/16 05:06:02,526 [5932] DEBUG VT - Prepared sql query parameters : [29]
03/25/16 05:06:02,670 [5932] DEBUG VT - Exiting getColumnFields method ...
03/25/16 05:06:02,672 [5932] DEBUG user - Exiting Users() method ...
03/25/16 05:06:02,684 [5932] DEBUG VT - Prepared sql query being executed : SELECT * FROM vtiger_tab
03/25/16 05:06:02,807 [5932] DEBUG VT - Prepared sql query being executed : SELECT fieldname,modulename,tablename,entityidfield,entityidcolumn from vtiger_entityname
03/25/16 05:06:02,916 [5932] DEBUG VT - Prepared sql query being executed : SELECT * FROM vtiger_crmentity  INNER JOIN vtiger_leaddetails ON
                vtiger_leaddetails.leadid = vtiger_crmentity.crmid
                WHERE setype=? AND vtiger_crmentity.deleted = 0 AND vtiger_leaddetails.converted = 0 AND modifiedby = ? ORDER BY modifiedtime DESC LIMIT ?
03/25/16 05:06:02,918 [5932] DEBUG VT - Prepared sql query parameters : [Leads,1,10]
03/25/16 05:06:04,351 [5932] INFO VT - PearDatabase ->ADODB disconnect
03/25/16 05:06:04,564 [5932] DEBUG user - Entering Users() method ...
03/25/16 05:06:04,566 [5932] DEBUG VT - Entering getColumnFields(Users) method ...
03/25/16 05:06:04,568 [5932] DEBUG VT - in getColumnFields Users
03/25/16 05:06:04,570 [5932] DEBUG VT - Prepared sql query being executed : SELECT tabid, name, ownedby FROM vtiger_tab
03/25/16 05:06:04,610 [5932] DEBUG VT - Prepared sql query being executed : SELECT tabid, fieldname, fieldid, fieldlabel, columnname, tablename, uitype, typeofdata, presence
		FROM vtiger_field WHERE tabid in (?)
03/25/16 05:06:04,612 [5932] DEBUG VT - Prepared sql query parameters : [29]
03/25/16 05:06:04,750 [5932] DEBUG VT - Exiting getColumnFields method ...
03/25/16 05:06:04,751 [5932] DEBUG user - Exiting Users() method ...
03/25/16 05:06:04,765 [5932] DEBUG VT - Prepared sql query being executed : SELECT * FROM vtiger_tab
03/25/16 05:06:04,879 [5932] DEBUG VT - Prepared sql query being executed : SELECT fieldname,modulename,tablename,entityidfield,entityidcolumn from vtiger_entityname
03/25/16 05:06:05,041 [5932] DEBUG VT - Prepared sql query being executed : SELECT tag,tag_id,COUNT(object_id) AS quantity
			FROM vtiger_freetags INNER JOIN vtiger_freetagged_objects
			ON (vtiger_freetags.id = tag_id)
			WHERE 1=1
			 AND tagger_id = ? AND module = ? AND object_id = ?
			GROUP BY tag
			ORDER BY quantity DESC LIMIT 0, 100
03/25/16 05:06:05,043 [5932] DEBUG VT - Prepared sql query parameters : [1,Leads,12]
03/25/16 05:06:08,989 [5932] INFO VT - PearDatabase ->ADODB disconnect
03/25/16 05:06:09,233 [5932] DEBUG user - Entering Users() method ...
03/25/16 05:06:09,235 [5932] DEBUG VT - Entering getColumnFields(Users) method ...
03/25/16 05:06:09,236 [5932] DEBUG VT - in getColumnFields Users
03/25/16 05:06:09,239 [5932] DEBUG VT - Prepared sql query being executed : SELECT tabid, name, ownedby FROM vtiger_tab
03/25/16 05:06:09,280 [5932] DEBUG VT - Prepared sql query being executed : SELECT tabid, fieldname, fieldid, fieldlabel, columnname, tablename, uitype, typeofdata, presence
		FROM vtiger_field WHERE tabid in (?)
03/25/16 05:06:09,282 [5932] DEBUG VT - Prepared sql query parameters : [29]
03/25/16 05:06:09,413 [5932] DEBUG VT - Exiting getColumnFields method ...
03/25/16 05:06:09,415 [5932] DEBUG user - Exiting Users() method ...
03/25/16 05:06:09,428 [5932] DEBUG VT - Prepared sql query being executed : SELECT * FROM vtiger_tab
03/25/16 05:06:09,547 [5932] DEBUG VT - Prepared sql query being executed : SELECT fieldname,modulename,tablename,entityidfield,entityidcolumn from vtiger_entityname
03/25/16 05:06:09,663 [5932] DEBUG user - Entering Users() method ...
03/25/16 05:06:09,665 [5932] DEBUG VT - Entering getColumnFields(Users) method ...
03/25/16 05:06:09,667 [5932] DEBUG VT - in getColumnFields Users
03/25/16 05:06:09,671 [5932] DEBUG VT - Exiting getColumnFields method ...
03/25/16 05:06:09,672 [5932] DEBUG user - Exiting Users() method ...
03/25/16 05:06:09,683 [5932] INFO VT - PearDatabase ->TRANS saveentity starts Users
03/25/16 05:06:09,685 [5932] INFO VT - PearDatabase ->TRANS Started
03/25/16 05:06:09,688 [5932] INFO VT - function insertIntoEntityTable Users vtiger_table name vtiger_users
03/25/16 05:06:09,690 [5932] DEBUG VT - Prepared sql query being executed : select * from vtiger_users where id=?
03/25/16 05:06:09,691 [5932] DEBUG VT - Prepared sql query parameters : [1]
03/25/16 05:06:09,695 [5932] DEBUG VT - Prepared sql query being executed : select * from vtiger_field where tabid=? and tablename=? and displaytype in (1,3,5) and vtiger_field.presence in (0,2)
03/25/16 05:06:09,697 [5932] DEBUG VT - Prepared sql query parameters : [29,vtiger_users]
03/25/16 05:06:09,798 [5932] DEBUG VT - Prepared sql query being executed : SHOW TABLES LIKE ?
03/25/16 05:06:09,800 [5932] DEBUG VT - Prepared sql query parameters : [vtiger_language]
03/25/16 05:06:09,805 [5932] DEBUG VT - Prepared sql query being executed : SELECT * FROM vtiger_language WHERE active=?
03/25/16 05:06:09,808 [5932] DEBUG VT - Prepared sql query parameters : [1]
03/25/16 05:06:09,878 [5932] DEBUG VT - Prepared sql query being executed : update vtiger_users set user_name=?, is_admin=?, first_name=?, last_name=?, email1=?, status=?, activity_view=?, lead_view=?, hour_format=?, end_hour=?, start_hour=?, title=?, phone_work=?, department=?, phone_mobile=?, reports_to_id=?, phone_other=?, email2=?, phone_fax=?, secondaryemail=?, phone_home=?, date_format=?, signature=?, description=?, address_street=?, address_city=?, address_state=?, address_postalcode=?, address_country=?, time_zone=?, currency_id=?, currency_grouping_pattern=?, currency_decimal_separator=?, currency_grouping_separator=?, currency_symbol_placement=?, imagename=?, internal_mailer=?, theme=?, language=?, reminder_interval=?, phone_crm_extension=?, no_of_currency_decimals=?, truncate_trailing_zeros=?, dayoftheweek=?, callduration=?, othereventduration=?, calendarsharedtype=?, default_record_view=?, leftpanelhide=?, rowheight=?, defaulteventstatus=?, defaultactivitytype=?, hidecompletedevents=?, is_owner=? where id=?
03/25/16 05:06:09,883 [5932] DEBUG VT - Prepared sql query parameters : [admin,on,kuan,金,kuan.jin@presoft.com.cn,Active,This Week,Today,12,23:00,00:00,???,0411-12345678,???,13912345678,,,qita@qitaemail.com,0411-11111111,,,yyyy-mm-dd,,,,,,,,Asia/Brunei,1,123,456,789,.,,,$1.0,,1,alphagrey,zh_cn,1 Minute,,2,1,Sunday,5,5,public,Summary,1,medium,请选择,请选择,0,1,1]
03/25/16 05:06:09,895 [5932] DEBUG VT - Entering into insertIntoAttachment(1,Users) method.
03/25/16 05:06:09,896 [5932] DEBUG VT - Exiting from insertIntoAttachment(1,Users) method.
03/25/16 05:06:09,898 [5932] INFO VT - function insertIntoEntityTable Users vtiger_table name vtiger_user2role
03/25/16 05:06:09,900 [5932] DEBUG VT - Prepared sql query being executed : select * from vtiger_user2role where userid=?
03/25/16 05:06:09,901 [5932] DEBUG VT - Prepared sql query parameters : [1]
03/25/16 05:06:09,905 [5932] DEBUG VT - Prepared sql query being executed : select * from vtiger_field where tabid=? and tablename=? and displaytype in (1,3,5) and vtiger_field.presence in (0,2)
03/25/16 05:06:09,907 [5932] DEBUG VT - Prepared sql query parameters : [29,vtiger_user2role]
03/25/16 05:06:09,914 [5932] DEBUG VT - Prepared sql query being executed : update vtiger_user2role set roleid=? where userid=?
03/25/16 05:06:09,916 [5932] DEBUG VT - Prepared sql query parameters : [H2,1]
03/25/16 05:06:09,920 [5932] INFO VT - function insertIntoEntityTable Users vtiger_table name vtiger_asteriskextensions
03/25/16 05:06:09,921 [5932] DEBUG VT - Prepared sql query being executed : select * from vtiger_asteriskextensions where userid=?
03/25/16 05:06:09,923 [5932] DEBUG VT - Prepared sql query parameters : [1]
03/25/16 05:06:09,927 [5932] DEBUG VT - Prepared sql query being executed : select * from vtiger_field where tabid=? and tablename=? and displaytype in (1,3,5) and vtiger_field.presence in (0,2)
03/25/16 05:06:09,929 [5932] DEBUG VT - Prepared sql query parameters : [29,vtiger_asteriskextensions]
03/25/16 05:06:09,966 [5932] DEBUG user - Entering Users() method ...
03/25/16 05:06:09,968 [5932] DEBUG VT - Entering getColumnFields(Users) method ...
03/25/16 05:06:09,971 [5932] DEBUG VT - in getColumnFields Users
03/25/16 05:06:09,975 [5932] DEBUG VT - Exiting getColumnFields method ...
03/25/16 05:06:09,977 [5932] DEBUG user - Exiting Users() method ...
03/25/16 05:06:09,978 [5932] DEBUG VT - Entering into retrieve_entity_info(1, Users) method.
03/25/16 05:06:09,980 [5932] DEBUG VT - Prepared sql query being executed : select * from vtiger_users where id=?
03/25/16 05:06:09,982 [5932] DEBUG VT - Prepared sql query parameters : [1]
03/25/16 05:06:09,985 [5932] DEBUG VT - Prepared sql query being executed : select * from vtiger_attachments where attachmentsid=?
03/25/16 05:06:09,987 [5932] DEBUG VT - Prepared sql query parameters : [1]
03/25/16 05:06:09,991 [5932] DEBUG VT - Prepared sql query being executed : select * from vtiger_user2role where userid=?
03/25/16 05:06:09,994 [5932] DEBUG VT - Prepared sql query parameters : [1]
03/25/16 05:06:09,997 [5932] DEBUG VT - Prepared sql query being executed : select * from vtiger_asteriskextensions where userid=?
03/25/16 05:06:09,999 [5932] DEBUG VT - Prepared sql query parameters : [1]
03/25/16 05:06:10,002 [5932] DEBUG VT - Prepared sql query being executed : select * from vtiger_field where tabid=? and vtiger_field.presence in (0,2)
03/25/16 05:06:10,004 [5932] DEBUG VT - Prepared sql query parameters : [29]
03/25/16 05:06:10,132 [5932] DEBUG VT - Prepared sql query being executed : select * from vtiger_currency_info where id=? and currency_status='Active' and deleted=0
03/25/16 05:06:10,134 [5932] DEBUG VT - Prepared sql query parameters : [1]
03/25/16 05:06:10,139 [5932] DEBUG VT - Exit from retrieve_entity_info(1, Users) method.
03/25/16 05:06:10,150 [5932] INFO VT - PearDatabase ->TRANS  Commited
03/25/16 05:06:10,216 [5932] INFO VT - PearDatabase ->TRANS  Completed
03/25/16 05:06:10,218 [5932] INFO VT - PearDatabase ->TRANS saveentity ends
03/25/16 05:06:10,220 [5932] DEBUG VT - Prepared sql query being executed : SELECT reminder_interval from vtiger_users where id=?
03/25/16 05:06:10,222 [5932] DEBUG VT - Prepared sql query parameters : [1]
03/25/16 05:06:10,226 [5932] DEBUG VT - Entering in function saveHomeOrder(1)
03/25/16 05:06:10,228 [5932] DEBUG VT - Prepared sql query being executed : update vtiger_homestuff,vtiger_homedefault set vtiger_homestuff.visible=1 where vtiger_homestuff.stuffid=vtiger_homedefault.stuffid and vtiger_homestuff.userid=1 and vtiger_homedefault.hometype='HDB'
03/25/16 05:06:10,283 [5932] DEBUG VT - Prepared sql query being executed : update vtiger_homestuff,vtiger_homedefault set vtiger_homestuff.visible=1 where vtiger_homestuff.stuffid=vtiger_homedefault.stuffid and vtiger_homestuff.userid=1 and vtiger_homedefault.hometype='ALVT'
03/25/16 05:06:10,341 [5932] DEBUG VT - Prepared sql query being executed : update vtiger_homestuff,vtiger_homedefault set vtiger_homestuff.visible=1 where vtiger_homestuff.stuffid=vtiger_homedefault.stuffid and vtiger_homestuff.userid=1 and vtiger_homedefault.hometype='PLVT'
03/25/16 05:06:10,489 [5932] INFO VT - PearDatabase ->ADODB disconnect
03/25/16 05:06:10,537 [5932] DEBUG VT - Prepared sql query being executed : update vtiger_homestuff,vtiger_homedefault set vtiger_homestuff.visible=1 where vtiger_homestuff.stuffid=vtiger_homedefault.stuffid and vtiger_homestuff.userid=1 and vtiger_homedefault.hometype='QLTQ'
03/25/16 05:06:10,582 [5932] DEBUG VT - Prepared sql query being executed : update vtiger_homestuff,vtiger_homedefault set vtiger_homestuff.visible=1 where vtiger_homestuff.stuffid=vtiger_homedefault.stuffid and vtiger_homestuff.userid=1 and vtiger_homedefault.hometype='CVLVT'
03/25/16 05:06:10,629 [5932] DEBUG VT - Prepared sql query being executed : update vtiger_homestuff,vtiger_homedefault set vtiger_homestuff.visible=1 where vtiger_homestuff.stuffid=vtiger_homedefault.stuffid and vtiger_homestuff.userid=1 and vtiger_homedefault.hometype='HLT'
03/25/16 05:06:10,660 [5932] DEBUG VT - Prepared sql query being executed : update vtiger_homestuff,vtiger_homedefault set vtiger_homestuff.visible=1 where vtiger_homestuff.stuffid=vtiger_homedefault.stuffid and vtiger_homestuff.userid=1 and vtiger_homedefault.hometype='GRT'
03/25/16 05:06:10,695 [5932] DEBUG VT - Prepared sql query being executed : update vtiger_homestuff,vtiger_homedefault set vtiger_homestuff.visible=1 where vtiger_homestuff.stuffid=vtiger_homedefault.stuffid and vtiger_homestuff.userid=1 and vtiger_homedefault.hometype='OLTSO'
03/25/16 05:06:10,726 [5932] DEBUG VT - Prepared sql query being executed : update vtiger_homestuff,vtiger_homedefault set vtiger_homestuff.visible=1 where vtiger_homestuff.stuffid=vtiger_homedefault.stuffid and vtiger_homestuff.userid=1 and vtiger_homedefault.hometype='ILTI'
03/25/16 05:06:10,762 [5932] DEBUG VT - Prepared sql query being executed : update vtiger_homestuff,vtiger_homedefault set vtiger_homestuff.visible=1 where vtiger_homestuff.stuffid=vtiger_homedefault.stuffid and vtiger_homestuff.userid=1 and vtiger_homedefault.hometype='MNL'
03/25/16 05:06:10,793 [5932] DEBUG VT - Prepared sql query being executed : update vtiger_homestuff,vtiger_homedefault set vtiger_homestuff.visible=1 where vtiger_homestuff.stuffid=vtiger_homedefault.stuffid and vtiger_homestuff.userid=1 and vtiger_homedefault.hometype='OLTPO'
03/25/16 05:06:10,829 [5932] DEBUG VT - Prepared sql query being executed : update vtiger_homestuff,vtiger_homedefault set vtiger_homestuff.visible=1 where vtiger_homestuff.stuffid=vtiger_homedefault.stuffid and vtiger_homestuff.userid=1 and vtiger_homedefault.hometype='LTFAQ'
03/25/16 05:06:10,860 [5932] DEBUG VT - Prepared sql query being executed : update vtiger_homestuff,vtiger_homedefault set vtiger_homestuff.visible=1 where vtiger_homestuff.stuffid=vtiger_homedefault.stuffid and vtiger_homestuff.userid=1 and vtiger_homedefault.hometype='UA'
03/25/16 05:06:10,895 [5932] DEBUG VT - Prepared sql query being executed : update vtiger_homestuff,vtiger_homedefault set vtiger_homestuff.visible=1 where vtiger_homestuff.stuffid=vtiger_homedefault.stuffid and vtiger_homestuff.userid=1 and vtiger_homedefault.hometype='PA'
03/25/16 05:06:10,926 [5932] DEBUG VT - Exiting from function saveHomeOrder(1)
03/25/16 05:06:10,928 [5932] DEBUG VT - Prepared sql query being executed : update vtiger_homestuff set visible = ? where userid=? and stufftype='Tag Cloud'
03/25/16 05:06:10,931 [5932] DEBUG VT - Prepared sql query parameters : [1,1]
03/25/16 05:06:10,962 [5932] DEBUG VT - Entering updateUser2RoleMapping(H2,1) method ...
03/25/16 05:06:10,964 [5932] DEBUG VT - Prepared sql query being executed : select * from vtiger_user2role where userid=?
03/25/16 05:06:10,966 [5932] DEBUG VT - Prepared sql query parameters : [1]
03/25/16 05:06:10,969 [5932] DEBUG VT - Prepared sql query being executed : delete from vtiger_user2role where userid=?
03/25/16 05:06:10,971 [5932] DEBUG VT - Prepared sql query parameters : [1]
03/25/16 05:06:11,063 [5932] DEBUG VT - Prepared sql query being executed : insert into vtiger_user2role(userid,roleid) values(?,?)
03/25/16 05:06:11,066 [5932] DEBUG VT - Prepared sql query parameters : [1,H2]
03/25/16 05:06:11,162 [5932] DEBUG VT - Exiting updateUser2RoleMapping method ...
03/25/16 05:06:11,193 [5932] DEBUG VT - Prepared sql query being executed : SELECT 1 FROM vtiger_calendar_user_activitytypes WHERE userid=?
03/25/16 05:06:11,195 [5932] DEBUG VT - Prepared sql query parameters : [1]
03/25/16 05:06:11,201 [5932] DEBUG user - Entering Users() method ...
03/25/16 05:06:11,203 [5932] DEBUG VT - Entering getColumnFields(Users) method ...
03/25/16 05:06:11,204 [5932] DEBUG VT - in getColumnFields Users
03/25/16 05:06:11,209 [5932] DEBUG VT - Exiting getColumnFields method ...
03/25/16 05:06:11,211 [5932] DEBUG user - Exiting Users() method ...
03/25/16 05:06:11,213 [5932] DEBUG VT - Entering into retrieve_entity_info(1, Users) method.
03/25/16 05:06:11,215 [5932] DEBUG VT - Prepared sql query being executed : select * from vtiger_users where id=?
03/25/16 05:06:11,217 [5932] DEBUG VT - Prepared sql query parameters : [1]
03/25/16 05:06:11,220 [5932] DEBUG VT - Prepared sql query being executed : select * from vtiger_attachments where attachmentsid=?
03/25/16 05:06:11,222 [5932] DEBUG VT - Prepared sql query parameters : [1]
03/25/16 05:06:11,225 [5932] DEBUG VT - Prepared sql query being executed : select * from vtiger_user2role where userid=?
03/25/16 05:06:11,227 [5932] DEBUG VT - Prepared sql query parameters : [1]
03/25/16 05:06:11,232 [5932] DEBUG VT - Prepared sql query being executed : select * from vtiger_asteriskextensions where userid=?
03/25/16 05:06:11,235 [5932] DEBUG VT - Prepared sql query parameters : [1]
03/25/16 05:06:11,240 [5932] DEBUG VT - Prepared sql query being executed : select * from vtiger_field where tabid=? and vtiger_field.presence in (0,2)
03/25/16 05:06:11,242 [5932] DEBUG VT - Prepared sql query parameters : [29]
03/25/16 05:06:11,373 [5932] DEBUG VT - Prepared sql query being executed : select * from vtiger_currency_info where id=? and currency_status='Active' and deleted=0
03/25/16 05:06:11,374 [5932] DEBUG VT - Prepared sql query parameters : [1]
03/25/16 05:06:11,380 [5932] DEBUG VT - Exit from retrieve_entity_info(1, Users) method.
03/25/16 05:06:11,391 [5932] DEBUG user - Entering Users() method ...
03/25/16 05:06:11,393 [5932] DEBUG VT - Entering getColumnFields(Users) method ...
03/25/16 05:06:11,395 [5932] DEBUG VT - in getColumnFields Users
03/25/16 05:06:11,398 [5932] DEBUG VT - Exiting getColumnFields method ...
03/25/16 05:06:11,400 [5932] DEBUG user - Exiting Users() method ...
03/25/16 05:06:11,402 [5932] DEBUG VT - Entering into retrieve_entity_info(1, Users) method.
03/25/16 05:06:11,404 [5932] DEBUG VT - Prepared sql query being executed : select * from vtiger_users where id=?
03/25/16 05:06:11,406 [5932] DEBUG VT - Prepared sql query parameters : [1]
03/25/16 05:06:11,409 [5932] DEBUG VT - Prepared sql query being executed : select * from vtiger_attachments where attachmentsid=?
03/25/16 05:06:11,411 [5932] DEBUG VT - Prepared sql query parameters : [1]
03/25/16 05:06:11,414 [5932] DEBUG VT - Prepared sql query being executed : select * from vtiger_user2role where userid=?
03/25/16 05:06:11,416 [5932] DEBUG VT - Prepared sql query parameters : [1]
03/25/16 05:06:11,418 [5932] DEBUG VT - Prepared sql query being executed : select * from vtiger_asteriskextensions where userid=?
03/25/16 05:06:11,420 [5932] DEBUG VT - Prepared sql query parameters : [1]
03/25/16 05:06:11,424 [5932] DEBUG VT - Prepared sql query being executed : select * from vtiger_field where tabid=? and vtiger_field.presence in (0,2)
03/25/16 05:06:11,426 [5932] DEBUG VT - Prepared sql query parameters : [29]
03/25/16 05:06:11,557 [5932] DEBUG VT - Prepared sql query being executed : select * from vtiger_currency_info where id=? and currency_status='Active' and deleted=0
03/25/16 05:06:11,559 [5932] DEBUG VT - Prepared sql query parameters : [1]
03/25/16 05:06:11,564 [5932] DEBUG VT - Exit from retrieve_entity_info(1, Users) method.
03/25/16 05:06:11,567 [5932] DEBUG VT - Prepared sql query being executed : UPDATE vtiger_homestuff SET visible = ? WHERE userid=? AND stufftype='Tag Cloud'
03/25/16 05:06:11,569 [5932] DEBUG VT - Prepared sql query parameters : [,1]
03/25/16 05:06:11,705 [5932] DEBUG user - Entering Users() method ...
03/25/16 05:06:11,707 [5932] DEBUG VT - Entering getColumnFields(Users) method ...
03/25/16 05:06:11,709 [5932] DEBUG VT - in getColumnFields Users
03/25/16 05:06:11,710 [5932] DEBUG VT - Prepared sql query being executed : SELECT tabid, name, ownedby FROM vtiger_tab
03/25/16 05:06:11,751 [5932] DEBUG VT - Prepared sql query being executed : SELECT tabid, fieldname, fieldid, fieldlabel, columnname, tablename, uitype, typeofdata, presence
		FROM vtiger_field WHERE tabid in (?)
03/25/16 05:06:11,753 [5932] DEBUG VT - Prepared sql query parameters : [29]
03/25/16 05:06:11,883 [5932] DEBUG VT - Exiting getColumnFields method ...
03/25/16 05:06:11,884 [5932] DEBUG user - Exiting Users() method ...
03/25/16 05:06:11,896 [5932] DEBUG VT - Prepared sql query being executed : SELECT * FROM vtiger_tab
03/25/16 05:06:12,011 [5932] DEBUG VT - Prepared sql query being executed : SELECT fieldname,modulename,tablename,entityidfield,entityidcolumn from vtiger_entityname
03/25/16 05:06:12,107 [5932] DEBUG user - Entering Users() method ...
03/25/16 05:06:12,109 [5932] DEBUG VT - Entering getColumnFields(Users) method ...
03/25/16 05:06:12,111 [5932] DEBUG VT - in getColumnFields Users
03/25/16 05:06:12,115 [5932] DEBUG VT - Exiting getColumnFields method ...
03/25/16 05:06:12,116 [5932] DEBUG user - Exiting Users() method ...
03/25/16 05:06:12,128 [5932] INFO VT - PearDatabase ->TRANS saveentity starts Users
03/25/16 05:06:12,131 [5932] INFO VT - PearDatabase ->TRANS Started
03/25/16 05:06:12,134 [5932] INFO VT - function insertIntoEntityTable Users vtiger_table name vtiger_users
03/25/16 05:06:12,137 [5932] DEBUG VT - Prepared sql query being executed : select * from vtiger_users where id=?
03/25/16 05:06:12,140 [5932] DEBUG VT - Prepared sql query parameters : [1]
03/25/16 05:06:12,144 [5932] DEBUG VT - Prepared sql query being executed : select * from vtiger_field where tabid=? and tablename=? and displaytype in (1,3,5) and vtiger_field.presence in (0,2)
03/25/16 05:06:12,146 [5932] DEBUG VT - Prepared sql query parameters : [29,vtiger_users]
03/25/16 05:06:12,257 [5932] DEBUG VT - Prepared sql query being executed : SHOW TABLES LIKE ?
03/25/16 05:06:12,259 [5932] DEBUG VT - Prepared sql query parameters : [vtiger_language]
03/25/16 05:06:12,264 [5932] DEBUG VT - Prepared sql query being executed : SELECT * FROM vtiger_language WHERE active=?
03/25/16 05:06:12,266 [5932] DEBUG VT - Prepared sql query parameters : [1]
03/25/16 05:06:12,336 [5932] DEBUG VT - Prepared sql query being executed : update vtiger_users set user_name=?, is_admin=?, first_name=?, last_name=?, email1=?, status=?, activity_view=?, lead_view=?, hour_format=?, end_hour=?, start_hour=?, title=?, phone_work=?, department=?, phone_mobile=?, reports_to_id=?, phone_other=?, email2=?, phone_fax=?, secondaryemail=?, phone_home=?, date_format=?, signature=?, description=?, address_street=?, address_city=?, address_state=?, address_postalcode=?, address_country=?, time_zone=?, currency_id=?, currency_grouping_pattern=?, currency_decimal_separator=?, currency_grouping_separator=?, currency_symbol_placement=?, imagename=?, internal_mailer=?, theme=?, language=?, reminder_interval=?, phone_crm_extension=?, no_of_currency_decimals=?, truncate_trailing_zeros=?, dayoftheweek=?, callduration=?, othereventduration=?, calendarsharedtype=?, default_record_view=?, leftpanelhide=?, rowheight=?, defaulteventstatus=?, defaultactivitytype=?, hidecompletedevents=?, is_owner=? where id=?
03/25/16 05:06:12,342 [5932] DEBUG VT - Prepared sql query parameters : [admin,on,kuan,金,kuan.jin@presoft.com.cn,Active,This Week,Today,12,23:00,00:00,???,0411-12345678,???,13912345678,,,qita@qitaemail.com,0411-11111111,,,yyyy-mm-dd,,,,,,,,Asia/Brunei,1,123,456,789,.,,,$1.0,,1,alphagrey,zh_cn,1 Minute,,2,1,Sunday,5,5,public,Summary,0,medium,请选择,请选择,0,1,1]
03/25/16 05:06:12,353 [5932] DEBUG VT - Entering into insertIntoAttachment(1,Users) method.
03/25/16 05:06:12,355 [5932] DEBUG VT - Exiting from insertIntoAttachment(1,Users) method.
03/25/16 05:06:12,357 [5932] INFO VT - function insertIntoEntityTable Users vtiger_table name vtiger_user2role
03/25/16 05:06:12,359 [5932] DEBUG VT - Prepared sql query being executed : select * from vtiger_user2role where userid=?
03/25/16 05:06:12,361 [5932] DEBUG VT - Prepared sql query parameters : [1]
03/25/16 05:06:12,364 [5932] DEBUG VT - Prepared sql query being executed : select * from vtiger_field where tabid=? and tablename=? and displaytype in (1,3,5) and vtiger_field.presence in (0,2)
03/25/16 05:06:12,366 [5932] DEBUG VT - Prepared sql query parameters : [29,vtiger_user2role]
03/25/16 05:06:12,394 [5932] DEBUG VT - Prepared sql query being executed : update vtiger_user2role set roleid=? where userid=?
03/25/16 05:06:12,397 [5932] DEBUG VT - Prepared sql query parameters : [H2,1]
03/25/16 05:06:12,402 [5932] INFO VT - function insertIntoEntityTable Users vtiger_table name vtiger_asteriskextensions
03/25/16 05:06:12,404 [5932] DEBUG VT - Prepared sql query being executed : select * from vtiger_asteriskextensions where userid=?
03/25/16 05:06:12,406 [5932] DEBUG VT - Prepared sql query parameters : [1]
03/25/16 05:06:12,409 [5932] DEBUG VT - Prepared sql query being executed : select * from vtiger_field where tabid=? and tablename=? and displaytype in (1,3,5) and vtiger_field.presence in (0,2)
03/25/16 05:06:12,412 [5932] DEBUG VT - Prepared sql query parameters : [29,vtiger_asteriskextensions]
03/25/16 05:06:12,419 [5932] DEBUG user - Entering Users() method ...
03/25/16 05:06:12,421 [5932] DEBUG VT - Entering getColumnFields(Users) method ...
03/25/16 05:06:12,423 [5932] DEBUG VT - in getColumnFields Users
03/25/16 05:06:12,427 [5932] DEBUG VT - Exiting getColumnFields method ...
03/25/16 05:06:12,428 [5932] DEBUG user - Exiting Users() method ...
03/25/16 05:06:12,430 [5932] DEBUG VT - Entering into retrieve_entity_info(1, Users) method.
03/25/16 05:06:12,432 [5932] DEBUG VT - Prepared sql query being executed : select * from vtiger_users where id=?
03/25/16 05:06:12,434 [5932] DEBUG VT - Prepared sql query parameters : [1]
03/25/16 05:06:12,438 [5932] DEBUG VT - Prepared sql query being executed : select * from vtiger_attachments where attachmentsid=?
03/25/16 05:06:12,440 [5932] DEBUG VT - Prepared sql query parameters : [1]
03/25/16 05:06:12,443 [5932] DEBUG VT - Prepared sql query being executed : select * from vtiger_user2role where userid=?
03/25/16 05:06:12,446 [5932] DEBUG VT - Prepared sql query parameters : [1]
03/25/16 05:06:12,450 [5932] DEBUG VT - Prepared sql query being executed : select * from vtiger_asteriskextensions where userid=?
03/25/16 05:06:12,452 [5932] DEBUG VT - Prepared sql query parameters : [1]
03/25/16 05:06:12,455 [5932] DEBUG VT - Prepared sql query being executed : select * from vtiger_field where tabid=? and vtiger_field.presence in (0,2)
03/25/16 05:06:12,458 [5932] DEBUG VT - Prepared sql query parameters : [29]
03/25/16 05:06:12,589 [5932] DEBUG VT - Prepared sql query being executed : select * from vtiger_currency_info where id=? and currency_status='Active' and deleted=0
03/25/16 05:06:12,591 [5932] DEBUG VT - Prepared sql query parameters : [1]
03/25/16 05:06:12,596 [5932] DEBUG VT - Exit from retrieve_entity_info(1, Users) method.
03/25/16 05:06:12,607 [5932] INFO VT - PearDatabase ->TRANS  Commited
03/25/16 05:06:12,671 [5932] INFO VT - PearDatabase ->TRANS  Completed
03/25/16 05:06:12,673 [5932] INFO VT - PearDatabase ->TRANS saveentity ends
03/25/16 05:06:12,677 [5932] DEBUG VT - Prepared sql query being executed : SELECT reminder_interval from vtiger_users where id=?
03/25/16 05:06:12,678 [5932] DEBUG VT - Prepared sql query parameters : [1]
03/25/16 05:06:12,687 [5932] DEBUG VT - Entering in function saveHomeOrder(1)
03/25/16 05:06:12,689 [5932] DEBUG VT - Prepared sql query being executed : update vtiger_homestuff,vtiger_homedefault set vtiger_homestuff.visible=1 where vtiger_homestuff.stuffid=vtiger_homedefault.stuffid and vtiger_homestuff.userid=1 and vtiger_homedefault.hometype='HDB'
03/25/16 05:06:12,782 [5932] DEBUG VT - Prepared sql query being executed : update vtiger_homestuff,vtiger_homedefault set vtiger_homestuff.visible=1 where vtiger_homestuff.stuffid=vtiger_homedefault.stuffid and vtiger_homestuff.userid=1 and vtiger_homedefault.hometype='ALVT'
03/25/16 05:06:12,859 [5932] DEBUG VT - Prepared sql query being executed : update vtiger_homestuff,vtiger_homedefault set vtiger_homestuff.visible=1 where vtiger_homestuff.stuffid=vtiger_homedefault.stuffid and vtiger_homestuff.userid=1 and vtiger_homedefault.hometype='PLVT'
03/25/16 05:06:12,904 [5932] DEBUG VT - Prepared sql query being executed : update vtiger_homestuff,vtiger_homedefault set vtiger_homestuff.visible=1 where vtiger_homestuff.stuffid=vtiger_homedefault.stuffid and vtiger_homestuff.userid=1 and vtiger_homedefault.hometype='QLTQ'
03/25/16 05:06:12,934 [5932] DEBUG VT - Prepared sql query being executed : update vtiger_homestuff,vtiger_homedefault set vtiger_homestuff.visible=1 where vtiger_homestuff.stuffid=vtiger_homedefault.stuffid and vtiger_homestuff.userid=1 and vtiger_homedefault.hometype='CVLVT'
03/25/16 05:06:12,982 [5932] DEBUG VT - Prepared sql query being executed : update vtiger_homestuff,vtiger_homedefault set vtiger_homestuff.visible=1 where vtiger_homestuff.stuffid=vtiger_homedefault.stuffid and vtiger_homestuff.userid=1 and vtiger_homedefault.hometype='HLT'
03/25/16 05:06:13,012 [5932] DEBUG VT - Prepared sql query being executed : update vtiger_homestuff,vtiger_homedefault set vtiger_homestuff.visible=1 where vtiger_homestuff.stuffid=vtiger_homedefault.stuffid and vtiger_homestuff.userid=1 and vtiger_homedefault.hometype='GRT'
03/25/16 05:06:13,037 [5932] DEBUG VT - Prepared sql query being executed : update vtiger_homestuff,vtiger_homedefault set vtiger_homestuff.visible=1 where vtiger_homestuff.stuffid=vtiger_homedefault.stuffid and vtiger_homestuff.userid=1 and vtiger_homedefault.hometype='OLTSO'
03/25/16 05:06:13,068 [5932] DEBUG VT - Prepared sql query being executed : update vtiger_homestuff,vtiger_homedefault set vtiger_homestuff.visible=1 where vtiger_homestuff.stuffid=vtiger_homedefault.stuffid and vtiger_homestuff.userid=1 and vtiger_homedefault.hometype='ILTI'
03/25/16 05:06:13,093 [5932] DEBUG VT - Prepared sql query being executed : update vtiger_homestuff,vtiger_homedefault set vtiger_homestuff.visible=1 where vtiger_homestuff.stuffid=vtiger_homedefault.stuffid and vtiger_homestuff.userid=1 and vtiger_homedefault.hometype='MNL'
03/25/16 05:06:13,123 [5932] DEBUG VT - Prepared sql query being executed : update vtiger_homestuff,vtiger_homedefault set vtiger_homestuff.visible=1 where vtiger_homestuff.stuffid=vtiger_homedefault.stuffid and vtiger_homestuff.userid=1 and vtiger_homedefault.hometype='OLTPO'
03/25/16 05:06:13,148 [5932] DEBUG VT - Prepared sql query being executed : update vtiger_homestuff,vtiger_homedefault set vtiger_homestuff.visible=1 where vtiger_homestuff.stuffid=vtiger_homedefault.stuffid and vtiger_homestuff.userid=1 and vtiger_homedefault.hometype='LTFAQ'
03/25/16 05:06:13,178 [5932] DEBUG VT - Prepared sql query being executed : update vtiger_homestuff,vtiger_homedefault set vtiger_homestuff.visible=1 where vtiger_homestuff.stuffid=vtiger_homedefault.stuffid and vtiger_homestuff.userid=1 and vtiger_homedefault.hometype='UA'
03/25/16 05:06:13,203 [5932] DEBUG VT - Prepared sql query being executed : update vtiger_homestuff,vtiger_homedefault set vtiger_homestuff.visible=1 where vtiger_homestuff.stuffid=vtiger_homedefault.stuffid and vtiger_homestuff.userid=1 and vtiger_homedefault.hometype='PA'
03/25/16 05:06:13,234 [5932] DEBUG VT - Exiting from function saveHomeOrder(1)
03/25/16 05:06:13,235 [5932] DEBUG VT - Prepared sql query being executed : update vtiger_homestuff set visible = ? where userid=? and stufftype='Tag Cloud'
03/25/16 05:06:13,237 [5932] DEBUG VT - Prepared sql query parameters : [1,1]
03/25/16 05:06:13,259 [5932] DEBUG VT - Entering updateUser2RoleMapping(H2,1) method ...
03/25/16 05:06:13,261 [5932] DEBUG VT - Prepared sql query being executed : select * from vtiger_user2role where userid=?
03/25/16 05:06:13,263 [5932] DEBUG VT - Prepared sql query parameters : [1]
03/25/16 05:06:13,266 [5932] DEBUG VT - Prepared sql query being executed : delete from vtiger_user2role where userid=?
03/25/16 05:06:13,267 [5932] DEBUG VT - Prepared sql query parameters : [1]
03/25/16 05:06:13,300 [5932] DEBUG VT - Prepared sql query being executed : insert into vtiger_user2role(userid,roleid) values(?,?)
03/25/16 05:06:13,302 [5932] DEBUG VT - Prepared sql query parameters : [1,H2]
03/25/16 05:06:13,326 [5932] DEBUG VT - Exiting updateUser2RoleMapping method ...
03/25/16 05:06:13,327 [5932] DEBUG VT - Prepared sql query being executed : SELECT 1 FROM vtiger_calendar_user_activitytypes WHERE userid=?
03/25/16 05:06:13,329 [5932] DEBUG VT - Prepared sql query parameters : [1]
03/25/16 05:06:13,333 [5932] DEBUG user - Entering Users() method ...
03/25/16 05:06:13,335 [5932] DEBUG VT - Entering getColumnFields(Users) method ...
03/25/16 05:06:13,337 [5932] DEBUG VT - in getColumnFields Users
03/25/16 05:06:13,341 [5932] DEBUG VT - Exiting getColumnFields method ...
03/25/16 05:06:13,343 [5932] DEBUG user - Exiting Users() method ...
03/25/16 05:06:13,345 [5932] DEBUG VT - Entering into retrieve_entity_info(1, Users) method.
03/25/16 05:06:13,348 [5932] DEBUG VT - Prepared sql query being executed : select * from vtiger_users where id=?
03/25/16 05:06:13,351 [5932] DEBUG VT - Prepared sql query parameters : [1]
03/25/16 05:06:13,354 [5932] DEBUG VT - Prepared sql query being executed : select * from vtiger_attachments where attachmentsid=?
03/25/16 05:06:13,356 [5932] DEBUG VT - Prepared sql query parameters : [1]
03/25/16 05:06:13,359 [5932] DEBUG VT - Prepared sql query being executed : select * from vtiger_user2role where userid=?
03/25/16 05:06:13,361 [5932] DEBUG VT - Prepared sql query parameters : [1]
03/25/16 05:06:13,364 [5932] DEBUG VT - Prepared sql query being executed : select * from vtiger_asteriskextensions where userid=?
03/25/16 05:06:13,366 [5932] DEBUG VT - Prepared sql query parameters : [1]
03/25/16 05:06:13,369 [5932] DEBUG VT - Prepared sql query being executed : select * from vtiger_field where tabid=? and vtiger_field.presence in (0,2)
03/25/16 05:06:13,371 [5932] DEBUG VT - Prepared sql query parameters : [29]
03/25/16 05:06:13,496 [5932] DEBUG VT - Prepared sql query being executed : select * from vtiger_currency_info where id=? and currency_status='Active' and deleted=0
03/25/16 05:06:13,498 [5932] DEBUG VT - Prepared sql query parameters : [1]
03/25/16 05:06:13,503 [5932] DEBUG VT - Exit from retrieve_entity_info(1, Users) method.
03/25/16 05:06:13,514 [5932] DEBUG user - Entering Users() method ...
03/25/16 05:06:13,516 [5932] DEBUG VT - Entering getColumnFields(Users) method ...
03/25/16 05:06:13,518 [5932] DEBUG VT - in getColumnFields Users
03/25/16 05:06:13,521 [5932] DEBUG VT - Exiting getColumnFields method ...
03/25/16 05:06:13,523 [5932] DEBUG user - Exiting Users() method ...
03/25/16 05:06:13,525 [5932] DEBUG VT - Entering into retrieve_entity_info(1, Users) method.
03/25/16 05:06:13,526 [5932] DEBUG VT - Prepared sql query being executed : select * from vtiger_users where id=?
03/25/16 05:06:13,528 [5932] DEBUG VT - Prepared sql query parameters : [1]
03/25/16 05:06:13,532 [5932] DEBUG VT - Prepared sql query being executed : select * from vtiger_attachments where attachmentsid=?
03/25/16 05:06:13,533 [5932] DEBUG VT - Prepared sql query parameters : [1]
03/25/16 05:06:13,536 [5932] DEBUG VT - Prepared sql query being executed : select * from vtiger_user2role where userid=?
03/25/16 05:06:13,538 [5932] DEBUG VT - Prepared sql query parameters : [1]
03/25/16 05:06:13,541 [5932] DEBUG VT - Prepared sql query being executed : select * from vtiger_asteriskextensions where userid=?
03/25/16 05:06:13,542 [5932] DEBUG VT - Prepared sql query parameters : [1]
03/25/16 05:06:13,546 [5932] DEBUG VT - Prepared sql query being executed : select * from vtiger_field where tabid=? and vtiger_field.presence in (0,2)
03/25/16 05:06:13,549 [5932] DEBUG VT - Prepared sql query parameters : [29]
03/25/16 05:06:13,674 [5932] DEBUG VT - Prepared sql query being executed : select * from vtiger_currency_info where id=? and currency_status='Active' and deleted=0
03/25/16 05:06:13,676 [5932] DEBUG VT - Prepared sql query parameters : [1]
03/25/16 05:06:13,682 [5932] DEBUG VT - Exit from retrieve_entity_info(1, Users) method.
03/25/16 05:06:13,684 [5932] DEBUG VT - Prepared sql query being executed : UPDATE vtiger_homestuff SET visible = ? WHERE userid=? AND stufftype='Tag Cloud'
03/25/16 05:06:13,686 [5932] DEBUG VT - Prepared sql query parameters : [,1]
03/25/16 05:06:16,818 [5932] INFO VT - PearDatabase ->ADODB disconnect
03/25/16 05:06:17,046 [5932] DEBUG user - Entering Users() method ...
03/25/16 05:06:17,048 [5932] DEBUG VT - Entering getColumnFields(Users) method ...
03/25/16 05:06:17,050 [5932] DEBUG VT - in getColumnFields Users
03/25/16 05:06:17,052 [5932] DEBUG VT - Prepared sql query being executed : SELECT tabid, name, ownedby FROM vtiger_tab
03/25/16 05:06:17,094 [5932] DEBUG VT - Prepared sql query being executed : SELECT tabid, fieldname, fieldid, fieldlabel, columnname, tablename, uitype, typeofdata, presence
		FROM vtiger_field WHERE tabid in (?)
03/25/16 05:06:17,096 [5932] DEBUG VT - Prepared sql query parameters : [29]
03/25/16 05:06:17,228 [5932] DEBUG VT - Exiting getColumnFields method ...
03/25/16 05:06:17,229 [5932] DEBUG user - Exiting Users() method ...
03/25/16 05:06:17,241 [5932] DEBUG VT - Prepared sql query being executed : SELECT * FROM vtiger_tab
03/25/16 05:06:17,357 [5932] DEBUG VT - Prepared sql query being executed : SELECT fieldname,modulename,tablename,entityidfield,entityidcolumn from vtiger_entityname
03/25/16 05:06:17,432 [5932] DEBUG VT - Prepared sql query being executed : SELECT reminderid, recordid FROM vtiger_activity_reminder_popup
            					INNER JOIN vtiger_activity on vtiger_activity.activityid = vtiger_activity_reminder_popup.recordid
								INNER JOIN vtiger_crmentity ON vtiger_activity_reminder_popup.recordid = vtiger_crmentity.crmid
								WHERE vtiger_activity_reminder_popup.status = 0
								AND vtiger_crmentity.smownerid = ? AND vtiger_crmentity.deleted = 0
								AND ((DATE_FORMAT(vtiger_activity_reminder_popup.date_start,'%Y-%m-%d') <= ?)
								AND (TIME_FORMAT(vtiger_activity_reminder_popup.time_start,'%H:%i') <= ?))
                                AND vtiger_activity.eventstatus <> 'Held' AND (vtiger_activity.status <> 'Completed' OR vtiger_activity.status IS NULL) LIMIT 20
03/25/16 05:06:17,434 [5932] DEBUG VT - Prepared sql query parameters : [1,2016-03-25,05:07]
03/25/16 05:06:19,299 [5932] INFO VT - PearDatabase ->ADODB disconnect
03/25/16 05:06:19,553 [5932] DEBUG user - Entering Users() method ...
03/25/16 05:06:19,554 [5932] DEBUG VT - Entering getColumnFields(Users) method ...
03/25/16 05:06:19,556 [5932] DEBUG VT - in getColumnFields Users
03/25/16 05:06:19,558 [5932] DEBUG VT - Prepared sql query being executed : SELECT tabid, name, ownedby FROM vtiger_tab
03/25/16 05:06:19,605 [5932] DEBUG VT - Prepared sql query being executed : SELECT tabid, fieldname, fieldid, fieldlabel, columnname, tablename, uitype, typeofdata, presence
		FROM vtiger_field WHERE tabid in (?)
03/25/16 05:06:19,607 [5932] DEBUG VT - Prepared sql query parameters : [29]
03/25/16 05:06:19,753 [5932] DEBUG VT - Exiting getColumnFields method ...
03/25/16 05:06:19,755 [5932] DEBUG user - Exiting Users() method ...
03/25/16 05:06:19,767 [5932] DEBUG VT - Prepared sql query being executed : SELECT * FROM vtiger_tab
03/25/16 05:06:19,885 [5932] DEBUG VT - Prepared sql query being executed : SELECT fieldname,modulename,tablename,entityidfield,entityidcolumn from vtiger_entityname
03/25/16 05:06:20,018 [5932] DEBUG VT - Entering isPermitted(Leads,DetailView,12) method ...
03/25/16 05:06:20,021 [5932] DEBUG VT - Entering getActionid(DetailView) method ...
03/25/16 05:06:20,023 [5932] INFO VT - get Actionid DetailView
03/25/16 05:06:20,025 [5932] INFO VT - action id selected is 4
03/25/16 05:06:20,027 [5932] DEBUG VT - Exiting getActionid method ...
03/25/16 05:06:20,029 [5932] DEBUG VT - Exiting isPermitted method ...
03/25/16 05:06:20,059 [5932] DEBUG lead - Entering Leads() method ...
03/25/16 05:06:20,061 [5932] DEBUG VT - Entering getColumnFields(Leads) method ...
03/25/16 05:06:20,063 [5932] DEBUG VT - in getColumnFields Leads
03/25/16 05:06:20,065 [5932] DEBUG VT - Prepared sql query being executed : SELECT tabid, fieldname, fieldid, fieldlabel, columnname, tablename, uitype, typeofdata, presence
		FROM vtiger_field WHERE tabid in (?)
03/25/16 05:06:20,067 [5932] DEBUG VT - Prepared sql query parameters : [7]
03/25/16 05:06:20,143 [5932] DEBUG VT - Exiting getColumnFields method ...
03/25/16 05:06:20,145 [5932] DEBUG lead - Exiting Lead method ...
03/25/16 05:06:20,151 [5932] DEBUG VT - Prepared sql query being executed : SELECT vtiger_leaddetails.salutation AS vtiger_leaddetailssalutationtype,vtiger_leaddetails.firstname AS vtiger_leaddetailsfirstname,vtiger_leaddetails.lead_no AS vtiger_leaddetailslead_no,vtiger_leadaddress.phone AS vtiger_leadaddressphone,vtiger_leaddetails.lastname AS vtiger_leaddetailslastname,vtiger_leadaddress.mobile AS vtiger_leadaddressmobile,vtiger_leaddetails.company AS vtiger_leaddetailscompany,vtiger_leadaddress.fax AS vtiger_leadaddressfax,vtiger_leaddetails.designation AS vtiger_leaddetailsdesignation,vtiger_leaddetails.email AS vtiger_leaddetailsemail,vtiger_leaddetails.leadsource AS vtiger_leaddetailsleadsource,vtiger_leadsubdetails.website AS vtiger_leadsubdetailswebsite,vtiger_leaddetails.industry AS vtiger_leaddetailsindustry,vtiger_leaddetails.leadstatus AS vtiger_leaddetailsleadstatus,vtiger_leaddetails.annualrevenue AS vtiger_leaddetailsannualrevenue,vtiger_leaddetails.rating AS vtiger_leaddetailsrating,vtiger_leaddetails.noofemployees AS vtiger_leaddetailsnoofemployees,vtiger_crmentity.smownerid AS vtiger_crmentityassigned_user_id,vtiger_leaddetails.secondaryemail AS vtiger_leaddetailssecondaryemail,vtiger_crmentity.createdtime AS vtiger_crmentitycreatedtime,vtiger_crmentity.modifiedtime AS vtiger_crmentitymodifiedtime,vtiger_crmentity.modifiedby AS vtiger_crmentitymodifiedby,vtiger_leadaddress.lane AS vtiger_leadaddresslane,vtiger_leadaddress.code AS vtiger_leadaddresscode,vtiger_leadaddress.city AS vtiger_leadaddresscity,vtiger_leadaddress.country AS vtiger_leadaddresscountry,vtiger_leadaddress.state AS vtiger_leadaddressstate,vtiger_leadaddress.pobox AS vtiger_leadaddresspobox,vtiger_crmentity.description AS vtiger_crmentitydescription,vtiger_leaddetails.emailoptout AS vtiger_leaddetailsemailoptout,vtiger_crmentity.deleted FROM  vtiger_crmentity LEFT JOIN vtiger_leaddetails ON vtiger_leaddetails.leadid=vtiger_crmentity.crmid LEFT JOIN vtiger_leadsubdetails ON vtiger_leadsubdetails.leadsubscriptionid=vtiger_crmentity.crmid LEFT JOIN vtiger_leadaddress ON vtiger_leadaddress.leadaddressid=vtiger_crmentity.crmid LEFT JOIN vtiger_leadscf ON vtiger_leadscf.leadid=vtiger_crmentity.crmid WHERE  vtiger_crmentity.crmid=?  LIMIT 1
03/25/16 05:06:20,153 [5932] DEBUG VT - Prepared sql query parameters : [12]
03/25/16 05:06:20,173 [5932] DEBUG VT - Prepared sql query being executed : SELECT * FROM vtiger_blocks WHERE tabid=? ORDER BY sequence
03/25/16 05:06:20,174 [5932] DEBUG VT - Prepared sql query parameters : [7]
03/25/16 05:06:20,200 [5932] DEBUG VT - Prepared sql query being executed : SELECT * FROM vtiger_field WHERE tabid=? ORDER BY sequence
03/25/16 05:06:20,203 [5932] DEBUG VT - Prepared sql query parameters : [7]
03/25/16 05:06:20,212 [5932] DEBUG VT - Prepared sql query being executed : SELECT * FROM vtiger_blocks WHERE blockid=?
03/25/16 05:06:20,214 [5932] DEBUG VT - Prepared sql query parameters : [13]
03/25/16 05:06:20,224 [5932] DEBUG VT - Prepared sql query being executed : SELECT * FROM vtiger_blocks WHERE blockid=?
03/25/16 05:06:20,226 [5932] DEBUG VT - Prepared sql query parameters : [15]
03/25/16 05:06:20,235 [5932] DEBUG VT - Prepared sql query being executed : SELECT * FROM vtiger_blocks WHERE blockid=?
03/25/16 05:06:20,237 [5932] DEBUG VT - Prepared sql query parameters : [16]
03/25/16 05:06:20,247 [5932] DEBUG VT - Prepared sql query being executed : SELECT * FROM vtiger_blocks WHERE blocklabel=? AND tabid=?
03/25/16 05:06:20,249 [5932] DEBUG VT - Prepared sql query parameters : [,7]
03/25/16 05:06:20,461 [5932] DEBUG VT - Entering isPermitted(Leads,EditView,12) method ...
03/25/16 05:06:20,464 [5932] DEBUG VT - Entering getActionid(EditView) method ...
03/25/16 05:06:20,466 [5932] INFO VT - get Actionid EditView
03/25/16 05:06:20,468 [5932] INFO VT - action id selected is 1
03/25/16 05:06:20,470 [5932] DEBUG VT - Exiting getActionid method ...
03/25/16 05:06:20,472 [5932] DEBUG VT - Exiting isPermitted method ...
03/25/16 05:06:20,555 [5932] DEBUG VT - Prepared sql query being executed : SELECT fieldname, tablename, entityidfield FROM vtiger_entityname WHERE tabid = ?
03/25/16 05:06:20,557 [5932] DEBUG VT - Prepared sql query parameters : [7]
03/25/16 05:06:20,567 [5932] DEBUG VT - Prepared sql query being executed : select * from vtiger_ws_fieldtype
03/25/16 05:06:20,770 [5932] DEBUG VT - Prepared sql query being executed : SELECT leadsource
                  FROM vtiger_leadsource
                      INNER JOIN vtiger_role2picklist on vtiger_role2picklist.picklistvalueid = vtiger_leadsource.picklist_valueid
                  WHERE roleid=? and picklistid in (select picklistid from vtiger_picklist) order by sortorderid
03/25/16 05:06:20,773 [5932] DEBUG VT - Prepared sql query parameters : [H2]
03/25/16 05:06:20,795 [5932] DEBUG VT - Prepared sql query being executed : SELECT leadsource
                  FROM vtiger_leadsource
                      INNER JOIN vtiger_role2picklist on vtiger_role2picklist.picklistvalueid = vtiger_leadsource.picklist_valueid
                  WHERE roleid=? and picklistid in (select picklistid from vtiger_picklist) order by sortorderid
03/25/16 05:06:20,797 [5932] DEBUG VT - Prepared sql query parameters : [H2]
03/25/16 05:06:20,870 [5932] DEBUG VT - Prepared sql query being executed : SELECT industry
                  FROM vtiger_industry
                      INNER JOIN vtiger_role2picklist on vtiger_role2picklist.picklistvalueid = vtiger_industry.picklist_valueid
                  WHERE roleid=? and picklistid in (select picklistid from vtiger_picklist) order by sortorderid
03/25/16 05:06:20,872 [5932] DEBUG VT - Prepared sql query parameters : [H2]
03/25/16 05:06:20,962 [5932] DEBUG VT - Prepared sql query being executed : SELECT industry
                  FROM vtiger_industry
                      INNER JOIN vtiger_role2picklist on vtiger_role2picklist.picklistvalueid = vtiger_industry.picklist_valueid
                  WHERE roleid=? and picklistid in (select picklistid from vtiger_picklist) order by sortorderid
03/25/16 05:06:20,964 [5932] DEBUG VT - Prepared sql query parameters : [H2]
03/25/16 05:06:21,064 [5932] DEBUG VT - Prepared sql query being executed : SELECT * FROM vtiger_currency_info
03/25/16 05:06:21,151 [5932] DEBUG VT - Prepared sql query being executed : SELECT leadstatus
                  FROM vtiger_leadstatus
                      INNER JOIN vtiger_role2picklist on vtiger_role2picklist.picklistvalueid = vtiger_leadstatus.picklist_valueid
                  WHERE roleid=? and picklistid in (select picklistid from vtiger_picklist) order by sortorderid
03/25/16 05:06:21,154 [5932] DEBUG VT - Prepared sql query parameters : [H2]
03/25/16 05:06:21,177 [5932] DEBUG VT - Prepared sql query being executed : SELECT leadstatus
                  FROM vtiger_leadstatus
                      INNER JOIN vtiger_role2picklist on vtiger_role2picklist.picklistvalueid = vtiger_leadstatus.picklist_valueid
                  WHERE roleid=? and picklistid in (select picklistid from vtiger_picklist) order by sortorderid
03/25/16 05:06:21,181 [5932] DEBUG VT - Prepared sql query parameters : [H2]
03/25/16 05:06:21,257 [5932] DEBUG VT - Prepared sql query being executed : SELECT rating
                  FROM vtiger_rating
                      INNER JOIN vtiger_role2picklist on vtiger_role2picklist.picklistvalueid = vtiger_rating.picklist_valueid
                  WHERE roleid=? and picklistid in (select picklistid from vtiger_picklist) order by sortorderid
03/25/16 05:06:21,260 [5932] DEBUG VT - Prepared sql query parameters : [H2]
03/25/16 05:06:21,301 [5932] DEBUG VT - Prepared sql query being executed : SELECT rating
                  FROM vtiger_rating
                      INNER JOIN vtiger_role2picklist on vtiger_role2picklist.picklistvalueid = vtiger_rating.picklist_valueid
                  WHERE roleid=? and picklistid in (select picklistid from vtiger_picklist) order by sortorderid
03/25/16 05:06:21,304 [5932] DEBUG VT - Prepared sql query parameters : [H2]
03/25/16 05:06:21,346 [5932] DEBUG VT - Prepared sql query being executed : SELECT 1 FROM vtiger_users WHERE id = ?
03/25/16 05:06:21,348 [5932] DEBUG VT - Prepared sql query parameters : [6]
03/25/16 05:06:21,352 [5932] DEBUG user - Entering Users() method ...
03/25/16 05:06:21,353 [5932] DEBUG VT - Entering getColumnFields(Users) method ...
03/25/16 05:06:21,355 [5932] DEBUG VT - in getColumnFields Users
03/25/16 05:06:21,360 [5932] DEBUG VT - Exiting getColumnFields method ...
03/25/16 05:06:21,363 [5932] DEBUG user - Exiting Users() method ...
03/25/16 05:06:21,368 [5932] DEBUG VT - Prepared sql query being executed : SELECT first_name,last_name, id AS id FROM vtiger_users WHERE id IN (?)
03/25/16 05:06:21,370 [5932] DEBUG VT - Prepared sql query parameters : [6]
03/25/16 05:06:21,391 [5932] DEBUG VT - Prepared sql query being executed : SELECT * FROM vtiger_role WHERE roleid = ?
03/25/16 05:06:21,393 [5932] DEBUG VT - Prepared sql query parameters : [H2]
03/25/16 05:06:21,398 [5932] DEBUG VT - Entering get_user_array(,ACTIVE,,) method ...
03/25/16 05:06:21,401 [5932] DEBUG VT - Sharing is Public. All vtiger_users should be listed
03/25/16 05:06:21,403 [5932] DEBUG VT - Prepared sql query being executed : SELECT id, user_name,first_name,last_name from vtiger_users WHERE status=? order by user_name ASC
03/25/16 05:06:21,405 [5932] DEBUG VT - Prepared sql query parameters : [ACTIVE]
03/25/16 05:06:21,415 [5932] INFO VT - PearDatabase ->ADODB fetchByAssoc return null
03/25/16 05:06:21,416 [5932] DEBUG VT - Exiting get_user_array method ...
03/25/16 05:06:21,419 [5932] DEBUG VT - Entering get_user_array(,ACTIVE,,) method ...
03/25/16 05:06:21,422 [5932] DEBUG VT - Sharing is Public. All vtiger_users should be listed
03/25/16 05:06:21,424 [5932] DEBUG VT - Prepared sql query being executed : SELECT groupid, groupname from vtiger_groups order by groupname ASC
03/25/16 05:06:21,429 [5932] INFO VT - PearDatabase ->ADODB fetchByAssoc return null
03/25/16 05:06:21,430 [5932] DEBUG VT - Exiting get_user_array method ...
03/25/16 05:06:21,432 [5932] DEBUG VT - Entering get_user_array(,ACTIVE,,) method ...
03/25/16 05:06:21,435 [5932] DEBUG VT - Sharing is Public. All vtiger_users should be listed
03/25/16 05:06:21,436 [5932] DEBUG VT - Prepared sql query being executed : SELECT groupid, groupname from vtiger_groups order by groupname ASC
03/25/16 05:06:21,443 [5932] INFO VT - PearDatabase ->ADODB fetchByAssoc return null
03/25/16 05:06:21,446 [5932] DEBUG VT - Exiting get_user_array method ...
03/25/16 05:06:21,450 [5932] DEBUG VT - Prepared sql query being executed : SELECT * FROM vtiger_role WHERE roleid = ?
03/25/16 05:06:21,453 [5932] DEBUG VT - Prepared sql query parameters : [H2]
03/25/16 05:06:21,458 [5932] DEBUG VT - Entering get_user_array(,ACTIVE,,) method ...
03/25/16 05:06:21,461 [5932] DEBUG VT - Sharing is Public. All vtiger_users should be listed
03/25/16 05:06:21,463 [5932] DEBUG VT - Prepared sql query being executed : SELECT groupid, groupname from vtiger_groups order by groupname ASC
03/25/16 05:06:21,469 [5932] INFO VT - PearDatabase ->ADODB fetchByAssoc return null
03/25/16 05:06:21,470 [5932] DEBUG VT - Exiting get_user_array method ...
03/25/16 05:06:21,474 [5932] DEBUG VT - Prepared sql query being executed : SELECT * FROM vtiger_role WHERE roleid = ?
03/25/16 05:06:21,476 [5932] DEBUG VT - Prepared sql query parameters : [H2]
03/25/16 05:06:21,483 [5932] DEBUG VT - Entering get_user_array(,ACTIVE,,) method ...
03/25/16 05:06:21,485 [5932] DEBUG VT - Sharing is Public. All vtiger_users should be listed
03/25/16 05:06:21,487 [5932] DEBUG VT - Prepared sql query being executed : SELECT groupid, groupname from vtiger_groups order by groupname ASC
03/25/16 05:06:21,493 [5932] INFO VT - PearDatabase ->ADODB fetchByAssoc return null
03/25/16 05:06:21,495 [5932] DEBUG VT - Exiting get_user_array method ...
03/25/16 05:06:21,500 [5932] DEBUG VT - Prepared sql query being executed : SELECT 1 FROM vtiger_users WHERE id = ?
03/25/16 05:06:21,502 [5932] DEBUG VT - Prepared sql query parameters : [6]
03/25/16 05:06:21,506 [5932] DEBUG user - Entering Users() method ...
03/25/16 05:06:21,508 [5932] DEBUG VT - Entering getColumnFields(Users) method ...
03/25/16 05:06:21,510 [5932] DEBUG VT - in getColumnFields Users
03/25/16 05:06:21,513 [5932] DEBUG VT - Exiting getColumnFields method ...
03/25/16 05:06:21,515 [5932] DEBUG user - Exiting Users() method ...
03/25/16 05:06:21,519 [5932] DEBUG VT - Prepared sql query being executed : SELECT first_name,last_name, id AS id FROM vtiger_users WHERE id IN (?)
03/25/16 05:06:21,521 [5932] DEBUG VT - Prepared sql query parameters : [6]
03/25/16 05:06:21,549 [5932] DEBUG VT - Entering getDisplayDate(2015-12-25 01:02:06) method ...
03/25/16 05:06:21,552 [5932] DEBUG VT - Exiting getDisplayDate method ...
03/25/16 05:06:21,554 [5932] DEBUG VT - Entering getDisplayTime(2015-12-25 01:02:06) method ...
03/25/16 05:06:21,556 [5932] DEBUG VT - Exiting getDisplayTime method ...
03/25/16 05:06:21,574 [5932] DEBUG VT - Entering getDisplayDate(2015-12-21 06:00:02) method ...
03/25/16 05:06:21,576 [5932] DEBUG VT - Exiting getDisplayDate method ...
03/25/16 05:06:21,578 [5932] DEBUG VT - Entering getDisplayTime(2015-12-21 06:00:02) method ...
03/25/16 05:06:21,580 [5932] DEBUG VT - Exiting getDisplayTime method ...
